2016-06-19 01:30:51.599+0000 INFO  [o.n.k.i.l.StoreLogService] Opened new internal log file
2016-06-19 01:30:51.615+0000 INFO  [o.n.k.i.DiagnosticsManager] Graph Database: community single StoreId{creationTime=1466286541761, randomId=7313466145173697982, storeVersion=15531981201765894, upgradeTime=1466286541761, upgradeId=1}
2016-06-19 01:30:51.615+0000 INFO  [o.n.k.i.DiagnosticsManager] Kernel version: 3.0.3
2016-06-19 01:30:51.615+0000 INFO  [o.n.k.i.DiagnosticsManager] Neo4j Kernel properties:
2016-06-19 01:30:51.618+0000 INFO  [o.n.k.i.DiagnosticsManager] dbms.connector.http.enabled=true
2016-06-19 01:30:51.618+0000 INFO  [o.n.k.i.DiagnosticsManager] unsupported.dbms.block_size.labels=56
2016-06-19 01:30:51.618+0000 INFO  [o.n.k.i.DiagnosticsManager] dbms.security.auth_enabled=true
2016-06-19 01:30:51.618+0000 INFO  [o.n.k.i.DiagnosticsManager] dbms.connector.bolt.type=BOLT
2016-06-19 01:30:51.618+0000 INFO  [o.n.k.i.DiagnosticsManager] unsupported.dbms.directories.neo4j_home=/Users/vickeetran/Desktop/Hack Reactor/ . HR42/KA-VR/src/db
2016-06-19 01:30:51.618+0000 INFO  [o.n.k.i.DiagnosticsManager] dbms.directories.import=import
2016-06-19 01:30:51.618+0000 INFO  [o.n.k.i.DiagnosticsManager] dbms.connector.bolt.tls_level=OPTIONAL
2016-06-19 01:30:51.618+0000 INFO  [o.n.k.i.DiagnosticsManager] dbms.shell.enabled=true
2016-06-19 01:30:51.618+0000 INFO  [o.n.k.i.DiagnosticsManager] dbms.connector.http.type=HTTP
2016-06-19 01:30:51.618+0000 INFO  [o.n.k.i.DiagnosticsManager] unsupported.dbms.directories.database=/Users/vickeetran/Desktop/Hack Reactor/ . HR42/KA-VR/src/db
2016-06-19 01:30:51.618+0000 INFO  [o.n.k.i.DiagnosticsManager] unsupported.dbms.block_size.strings=120
2016-06-19 01:30:51.618+0000 INFO  [o.n.k.i.DiagnosticsManager] dbms.logs.http.enabled=false
2016-06-19 01:30:51.618+0000 INFO  [o.n.k.i.DiagnosticsManager] unsupported.dbms.block_size.array_properties=120
2016-06-19 01:30:51.618+0000 INFO  [o.n.k.i.DiagnosticsManager] unsupported.dbms.security.auth_store.location=data/dbms/auth
2016-06-19 01:30:51.618+0000 INFO  [o.n.k.i.DiagnosticsManager] unsupported.dbms.edition=community
2016-06-19 01:30:51.618+0000 INFO  [o.n.k.i.DiagnosticsManager] dbms.connector.bolt.enabled=true
2016-06-19 01:30:51.618+0000 INFO  [o.n.k.i.DiagnosticsManager] Diagnostics providers:
2016-06-19 01:30:51.618+0000 INFO  [o.n.k.i.DiagnosticsManager] KernelDiagnostics:Versions
2016-06-19 01:30:51.618+0000 INFO  [o.n.k.i.DiagnosticsManager] org.neo4j.kernel.configuration.Config
2016-06-19 01:30:51.618+0000 INFO  [o.n.k.i.DiagnosticsManager] org.neo4j.kernel.info.DiagnosticsManager
2016-06-19 01:30:51.619+0000 INFO  [o.n.k.i.DiagnosticsManager] SYSTEM_MEMORY
2016-06-19 01:30:51.619+0000 INFO  [o.n.k.i.DiagnosticsManager] JAVA_MEMORY
2016-06-19 01:30:51.619+0000 INFO  [o.n.k.i.DiagnosticsManager] OPERATING_SYSTEM
2016-06-19 01:30:51.619+0000 INFO  [o.n.k.i.DiagnosticsManager] JAVA_VIRTUAL_MACHINE
2016-06-19 01:30:51.619+0000 INFO  [o.n.k.i.DiagnosticsManager] CLASSPATH
2016-06-19 01:30:51.619+0000 INFO  [o.n.k.i.DiagnosticsManager] LIBRARY_PATH
2016-06-19 01:30:51.619+0000 INFO  [o.n.k.i.DiagnosticsManager] SYSTEM_PROPERTIES
2016-06-19 01:30:51.619+0000 INFO  [o.n.k.i.DiagnosticsManager] NETWORK
2016-06-19 01:30:51.619+0000 INFO  [o.n.k.i.DiagnosticsManager] NEO_STORE_VERSIONS
2016-06-19 01:30:51.619+0000 INFO  [o.n.k.i.DiagnosticsManager] NEO_STORE_ID_USAGE
2016-06-19 01:30:51.619+0000 INFO  [o.n.k.i.DiagnosticsManager] NEO_STORE_RECORDS
2016-06-19 01:30:51.619+0000 INFO  [o.n.k.i.DiagnosticsManager] TRANSACTION_RANGE
2016-06-19 01:30:51.619+0000 INFO  [o.n.k.i.DiagnosticsManager] KernelDiagnostics:StoreFiles
2016-06-19 01:30:51.619+0000 INFO  [o.n.k.i.DiagnosticsManager] System memory information:
2016-06-19 01:30:51.631+0000 INFO  [o.n.k.i.DiagnosticsManager] Total Physical memory: 8.00 GB
2016-06-19 01:30:51.632+0000 INFO  [o.n.k.i.DiagnosticsManager] Free Physical memory: 18.18 MB
2016-06-19 01:30:51.632+0000 INFO  [o.n.k.i.DiagnosticsManager] Committed virtual memory: 7.46 GB
2016-06-19 01:30:51.632+0000 INFO  [o.n.k.i.DiagnosticsManager] Total swap space: 6.00 GB
2016-06-19 01:30:51.632+0000 INFO  [o.n.k.i.DiagnosticsManager] Free swap space: 1.05 GB
2016-06-19 01:30:51.633+0000 INFO  [o.n.k.i.DiagnosticsManager] JVM memory information:
2016-06-19 01:30:51.633+0000 INFO  [o.n.k.i.DiagnosticsManager] Free  memory: 207.45 MB
2016-06-19 01:30:51.633+0000 INFO  [o.n.k.i.DiagnosticsManager] Total memory: 353.50 MB
2016-06-19 01:30:51.633+0000 INFO  [o.n.k.i.DiagnosticsManager] Max   memory: 1.78 GB
2016-06-19 01:30:51.634+0000 INFO  [o.n.k.i.DiagnosticsManager] Garbage Collector: PS Scavenge: [PS Eden Space, PS Survivor Space]
2016-06-19 01:30:51.634+0000 INFO  [o.n.k.i.DiagnosticsManager] Garbage Collector: PS MarkSweep: [PS Eden Space, PS Survivor Space, PS Old Gen]
2016-06-19 01:30:51.635+0000 INFO  [o.n.k.i.DiagnosticsManager] Memory Pool: Code Cache (Non-heap memory): committed=29.38 MB, used=29.10 MB, max=240.00 MB, threshold=0.00 B
2016-06-19 01:30:51.635+0000 INFO  [o.n.k.i.DiagnosticsManager] Memory Pool: Metaspace (Non-heap memory): committed=70.40 MB, used=69.02 MB, max=-1.00 B, threshold=0.00 B
2016-06-19 01:30:51.636+0000 INFO  [o.n.k.i.DiagnosticsManager] Memory Pool: Compressed Class Space (Non-heap memory): committed=10.16 MB, used=9.79 MB, max=1.00 GB, threshold=0.00 B
2016-06-19 01:30:51.636+0000 INFO  [o.n.k.i.DiagnosticsManager] Memory Pool: PS Eden Space (Heap memory): committed=189.50 MB, used=99.87 MB, max=629.50 MB, threshold=?
2016-06-19 01:30:51.636+0000 INFO  [o.n.k.i.DiagnosticsManager] Memory Pool: PS Survivor Space (Heap memory): committed=26.00 MB, used=0.00 B, max=26.00 MB, threshold=?
2016-06-19 01:30:51.636+0000 INFO  [o.n.k.i.DiagnosticsManager] Memory Pool: PS Old Gen (Heap memory): committed=138.00 MB, used=46.18 MB, max=1.33 GB, threshold=0.00 B
2016-06-19 01:30:51.636+0000 INFO  [o.n.k.i.DiagnosticsManager] Operating system information:
2016-06-19 01:30:51.636+0000 INFO  [o.n.k.i.DiagnosticsManager] Operating System: Mac OS X; version: 10.11.5; arch: x86_64; cpus: 4
2016-06-19 01:30:51.636+0000 INFO  [o.n.k.i.DiagnosticsManager] Max number of file descriptors: 10240
2016-06-19 01:30:51.636+0000 INFO  [o.n.k.i.DiagnosticsManager] Number of open file descriptors: 172
2016-06-19 01:30:51.833+0000 INFO  [o.n.k.i.DiagnosticsManager] Process id: 8000@Victorias-MacBook-Pro.local
2016-06-19 01:30:51.833+0000 INFO  [o.n.k.i.DiagnosticsManager] Byte order: LITTLE_ENDIAN
2016-06-19 01:30:51.834+0000 INFO  [o.n.k.i.DiagnosticsManager] Local timezone: America/Los_Angeles
2016-06-19 01:30:51.834+0000 INFO  [o.n.k.i.DiagnosticsManager] JVM information:
2016-06-19 01:30:51.834+0000 INFO  [o.n.k.i.DiagnosticsManager] VM Name: Java HotSpot(TM) 64-Bit Server VM
2016-06-19 01:30:51.834+0000 INFO  [o.n.k.i.DiagnosticsManager] VM Vendor: Oracle Corporation
2016-06-19 01:30:51.834+0000 INFO  [o.n.k.i.DiagnosticsManager] VM Version: 25.60-b23
2016-06-19 01:30:51.834+0000 INFO  [o.n.k.i.DiagnosticsManager] JIT compiler: HotSpot 64-Bit Tiered Compilers
2016-06-19 01:30:51.834+0000 INFO  [o.n.k.i.DiagnosticsManager] VM Arguments: [-Dfile.encoding=UTF-8, -Dinstall4j.launcherId=24, -Dinstall4j.swt=false, -Dexe4j.moduleName=/Applications/Neo4j Community Edition.app, -Di4j.ownBundlePath=/Applications/Neo4j Community Edition.app, -Di4j.jreBundle=/Applications/Neo4j Community Edition.app/Contents/Resources/jre.bundle]
2016-06-19 01:30:51.834+0000 INFO  [o.n.k.i.DiagnosticsManager] Java classpath:
2016-06-19 01:30:51.837+0000 INFO  [o.n.k.i.DiagnosticsManager]  [bootstrap] /Applications/Neo4j Community Edition.app/Contents/Resources/jre.bundle/Contents/Home/jre/lib/rt.jar
2016-06-19 01:30:51.837+0000 INFO  [o.n.k.i.DiagnosticsManager]  [classpath] /Applications/Neo4j Community Edition.app/Contents/Resources/app/bin/neo4j-desktop-3.0.3.jar
2016-06-19 01:30:51.837+0000 INFO  [o.n.k.i.DiagnosticsManager]  [bootstrap] /Applications/Neo4j Community Edition.app/Contents/Resources/jre.bundle/Contents/Home/jre/lib/jce.jar
2016-06-19 01:30:51.837+0000 INFO  [o.n.k.i.DiagnosticsManager]  [loader.1] file:/Applications/Neo4j%20Community%20Edition.app/Contents/Resources/jre.bundle/Contents/Home/jre/lib/ext/jfxrt.jar
2016-06-19 01:30:51.837+0000 INFO  [o.n.k.i.DiagnosticsManager]  [bootstrap] /Applications/Neo4j Community Edition.app/Contents/Resources/jre.bundle/Contents/Home/jre/lib/charsets.jar
2016-06-19 01:30:51.837+0000 INFO  [o.n.k.i.DiagnosticsManager]  [loader.1] file:/Applications/Neo4j%20Community%20Edition.app/Contents/Resources/jre.bundle/Contents/Home/jre/lib/ext/dnsns.jar
2016-06-19 01:30:51.837+0000 INFO  [o.n.k.i.DiagnosticsManager]  [loader.1] file:/Applications/Neo4j%20Community%20Edition.app/Contents/Resources/jre.bundle/Contents/Home/jre/lib/ext/zipfs.jar
2016-06-19 01:30:51.837+0000 INFO  [o.n.k.i.DiagnosticsManager]  [classpath] /Applications/Neo4j Community Edition.app/Contents/Resources/app/.install4j/i4jruntime.jar
2016-06-19 01:30:51.837+0000 INFO  [o.n.k.i.DiagnosticsManager]  [bootstrap] /Applications/Neo4j Community Edition.app/Contents/Resources/jre.bundle/Contents/Home/jre/lib/sunrsasign.jar
2016-06-19 01:30:51.837+0000 INFO  [o.n.k.i.DiagnosticsManager]  [loader.1] file:/Applications/Neo4j%20Community%20Edition.app/Contents/Resources/jre.bundle/Contents/Home/jre/lib/ext/nashorn.jar
2016-06-19 01:30:51.837+0000 INFO  [o.n.k.i.DiagnosticsManager]  [loader.1] file:/Applications/Neo4j%20Community%20Edition.app/Contents/Resources/jre.bundle/Contents/Home/jre/lib/ext/sunec.jar
2016-06-19 01:30:51.837+0000 INFO  [o.n.k.i.DiagnosticsManager]  [loader.1] file:/Applications/Neo4j%20Community%20Edition.app/Contents/Resources/jre.bundle/Contents/Home/jre/lib/ext/cldrdata.jar
2016-06-19 01:30:51.837+0000 INFO  [o.n.k.i.DiagnosticsManager]  [bootstrap] /Applications/Neo4j Community Edition.app/Contents/Resources/jre.bundle/Contents/Home/jre/lib/jsse.jar
2016-06-19 01:30:51.837+0000 INFO  [o.n.k.i.DiagnosticsManager]  [loader.0] file:/Applications/Neo4j%20Community%20Edition.app/Contents/Resources/app/bin/neo4j-desktop-3.0.3.jar
2016-06-19 01:30:51.837+0000 INFO  [o.n.k.i.DiagnosticsManager]  [loader.1] file:/Applications/Neo4j%20Community%20Edition.app/Contents/Resources/jre.bundle/Contents/Home/jre/lib/ext/jaccess.jar
2016-06-19 01:30:51.837+0000 INFO  [o.n.k.i.DiagnosticsManager]  [loader.1] file:/Applications/Neo4j%20Community%20Edition.app/Contents/Resources/jre.bundle/Contents/Home/jre/lib/ext/localedata.jar
2016-06-19 01:30:51.837+0000 INFO  [o.n.k.i.DiagnosticsManager]  [loader.0] file:/Applications/Neo4j%20Community%20Edition.app/Contents/Resources/app/.install4j/i4jruntime.jar
2016-06-19 01:30:51.837+0000 INFO  [o.n.k.i.DiagnosticsManager]  [loader.1] file:/Applications/Neo4j%20Community%20Edition.app/Contents/Resources/jre.bundle/Contents/Home/jre/lib/ext/sunpkcs11.jar
2016-06-19 01:30:51.837+0000 INFO  [o.n.k.i.DiagnosticsManager]  [bootstrap] /Applications/Neo4j Community Edition.app/Contents/Resources/jre.bundle/Contents/Home/jre/lib/resources.jar
2016-06-19 01:30:51.837+0000 INFO  [o.n.k.i.DiagnosticsManager]  [loader.1] file:/System/Library/Java/Extensions/MRJToolkit.jar
2016-06-19 01:30:51.837+0000 INFO  [o.n.k.i.DiagnosticsManager]  [bootstrap] /Applications/Neo4j Community Edition.app/Contents/Resources/jre.bundle/Contents/Home/jre/lib/jfr.jar
2016-06-19 01:30:51.837+0000 INFO  [o.n.k.i.DiagnosticsManager]  [bootstrap] /Applications/Neo4j Community Edition.app/Contents/Resources/jre.bundle/Contents/Home/jre/classes
2016-06-19 01:30:51.837+0000 INFO  [o.n.k.i.DiagnosticsManager]  [loader.1] file:/Applications/Neo4j%20Community%20Edition.app/Contents/Resources/jre.bundle/Contents/Home/jre/lib/ext/sunjce_provider.jar
2016-06-19 01:30:51.837+0000 INFO  [o.n.k.i.DiagnosticsManager] Library path:
2016-06-19 01:30:51.838+0000 INFO  [o.n.k.i.DiagnosticsManager] /Users/vickeetran/Library/Java/Extensions
2016-06-19 01:30:51.838+0000 INFO  [o.n.k.i.DiagnosticsManager] /Library/Java/Extensions
2016-06-19 01:30:51.838+0000 INFO  [o.n.k.i.DiagnosticsManager] /Network/Library/Java/Extensions
2016-06-19 01:30:51.838+0000 INFO  [o.n.k.i.DiagnosticsManager] /System/Library/Java/Extensions
2016-06-19 01:30:51.838+0000 INFO  [o.n.k.i.DiagnosticsManager] /usr/lib/java
2016-06-19 01:30:51.839+0000 INFO  [o.n.k.i.DiagnosticsManager] /Applications/Neo4j Community Edition.app/Contents/Resources/app/bin
2016-06-19 01:30:51.839+0000 INFO  [o.n.k.i.DiagnosticsManager] System.properties:
2016-06-19 01:30:51.839+0000 INFO  [o.n.k.i.DiagnosticsManager] exe4j.moduleName = /Applications/Neo4j Community Edition.app
2016-06-19 01:30:51.839+0000 INFO  [o.n.k.i.DiagnosticsManager] sun.boot.library.path = /Applications/Neo4j Community Edition.app/Contents/Resources/jre.bundle/Contents/Home/jre/lib
2016-06-19 01:30:51.839+0000 INFO  [o.n.k.i.DiagnosticsManager] i4j.jreBundle = /Applications/Neo4j Community Edition.app/Contents/Resources/jre.bundle
2016-06-19 01:30:51.839+0000 INFO  [o.n.k.i.DiagnosticsManager] gopherProxySet = false
2016-06-19 01:30:51.839+0000 INFO  [o.n.k.i.DiagnosticsManager] path.separator = :
2016-06-19 01:30:51.839+0000 INFO  [o.n.k.i.DiagnosticsManager] file.encoding.pkg = sun.io
2016-06-19 01:30:51.839+0000 INFO  [o.n.k.i.DiagnosticsManager] user.country = US
2016-06-19 01:30:51.839+0000 INFO  [o.n.k.i.DiagnosticsManager] sun.java.launcher = SUN_STANDARD
2016-06-19 01:30:51.839+0000 INFO  [o.n.k.i.DiagnosticsManager] sun.os.patch.level = unknown
2016-06-19 01:30:51.839+0000 INFO  [o.n.k.i.DiagnosticsManager] install4j.exeDir = /Applications/
2016-06-19 01:30:51.839+0000 INFO  [o.n.k.i.DiagnosticsManager] user.dir = /Applications/Neo4j Community Edition.app/Contents/Resources/app/bin
2016-06-19 01:30:51.839+0000 INFO  [o.n.k.i.DiagnosticsManager] i4j.ownBundlePath = /Applications/Neo4j Community Edition.app
2016-06-19 01:30:51.839+0000 INFO  [o.n.k.i.DiagnosticsManager] sun.jnu.encoding = UTF-8
2016-06-19 01:30:51.840+0000 INFO  [o.n.k.i.DiagnosticsManager] sun.nio.ch.bugLevel = 
2016-06-19 01:30:51.840+0000 INFO  [o.n.k.i.DiagnosticsManager] unsupported.dbms.udc.source = desktop
2016-06-19 01:30:51.840+0000 INFO  [o.n.k.i.DiagnosticsManager] sun.awt.enableExtraMouseButtons = true
2016-06-19 01:30:51.840+0000 INFO  [o.n.k.i.DiagnosticsManager] install4j.launcherId = 24
2016-06-19 01:30:51.840+0000 INFO  [o.n.k.i.DiagnosticsManager] sun.management.compiler = HotSpot 64-Bit Tiered Compilers
2016-06-19 01:30:51.840+0000 INFO  [o.n.k.i.DiagnosticsManager] install4j.swt = false
2016-06-19 01:30:51.840+0000 INFO  [o.n.k.i.DiagnosticsManager] apple.awt.fileDialogForDirectories = false
2016-06-19 01:30:51.840+0000 INFO  [o.n.k.i.DiagnosticsManager] http.nonProxyHosts = local|*.local|169.254/16|*.169.254/16
2016-06-19 01:30:51.840+0000 INFO  [o.n.k.i.DiagnosticsManager] user.home = /Users/vickeetran
2016-06-19 01:30:51.840+0000 INFO  [o.n.k.i.DiagnosticsManager] user.timezone = America/Los_Angeles
2016-06-19 01:30:51.840+0000 INFO  [o.n.k.i.DiagnosticsManager] file.encoding = UTF-8
2016-06-19 01:30:51.840+0000 INFO  [o.n.k.i.DiagnosticsManager] user.name = vickeetran
2016-06-19 01:30:51.840+0000 INFO  [o.n.k.i.DiagnosticsManager] sun.java.command = com.install4j.runtime.launcher.MacLauncher
2016-06-19 01:30:51.840+0000 INFO  [o.n.k.i.DiagnosticsManager] sun.arch.data.model = 64
2016-06-19 01:30:51.840+0000 INFO  [o.n.k.i.DiagnosticsManager] user.language = en
2016-06-19 01:30:51.840+0000 INFO  [o.n.k.i.DiagnosticsManager] awt.toolkit = sun.lwawt.macosx.LWCToolkit
2016-06-19 01:30:51.840+0000 INFO  [o.n.k.i.DiagnosticsManager] install4j.appDir = /Applications/Neo4j Community Edition.app/Contents/Resources/app/
2016-06-19 01:30:51.840+0000 INFO  [o.n.k.i.DiagnosticsManager] file.separator = /
2016-06-19 01:30:51.840+0000 INFO  [o.n.k.i.DiagnosticsManager] sun.font.fontmanager = sun.font.CFontManager
2016-06-19 01:30:51.840+0000 INFO  [o.n.k.i.DiagnosticsManager] sun.io.unicode.encoding = UnicodeBig
2016-06-19 01:30:51.840+0000 INFO  [o.n.k.i.DiagnosticsManager] sun.cpu.endian = little
2016-06-19 01:30:51.840+0000 INFO  [o.n.k.i.DiagnosticsManager] socksNonProxyHosts = local|*.local|169.254/16|*.169.254/16
2016-06-19 01:30:51.840+0000 INFO  [o.n.k.i.DiagnosticsManager] ftp.nonProxyHosts = local|*.local|169.254/16|*.169.254/16
2016-06-19 01:30:51.840+0000 INFO  [o.n.k.i.DiagnosticsManager] sun.cpu.isalist = 
2016-06-19 01:30:51.840+0000 INFO  [o.n.k.i.DiagnosticsManager] Network information:
2016-06-19 01:30:51.842+0000 INFO  [o.n.k.i.DiagnosticsManager] Interface awdl0:
2016-06-19 01:30:51.842+0000 INFO  [o.n.k.i.DiagnosticsManager]     address: fe80:0:0:0:1881:8aff:fe8c:dbb9%awdl0
2016-06-19 01:30:51.842+0000 INFO  [o.n.k.i.DiagnosticsManager] Interface vboxnet0:
2016-06-19 01:30:51.842+0000 INFO  [o.n.k.i.DiagnosticsManager]     address: 192.168.99.1
2016-06-19 01:30:51.842+0000 INFO  [o.n.k.i.DiagnosticsManager] Interface en0:
2016-06-19 01:30:51.842+0000 INFO  [o.n.k.i.DiagnosticsManager]     address: fe80:0:0:0:a65e:60ff:fef0:c40b%en0
2016-06-19 01:30:51.842+0000 INFO  [o.n.k.i.DiagnosticsManager]     address: 10.6.30.49
2016-06-19 01:30:51.842+0000 INFO  [o.n.k.i.DiagnosticsManager] Interface lo0:
2016-06-19 01:30:51.842+0000 INFO  [o.n.k.i.DiagnosticsManager]     address: fe80:0:0:0:0:0:0:1%lo0
2016-06-19 01:30:51.842+0000 INFO  [o.n.k.i.DiagnosticsManager]     address: 0:0:0:0:0:0:0:1
2016-06-19 01:30:51.842+0000 INFO  [o.n.k.i.DiagnosticsManager]     address: 127.0.0.1
2016-06-19 01:30:51.842+0000 INFO  [o.n.k.i.DiagnosticsManager] Store versions:
2016-06-19 01:30:51.842+0000 INFO  [o.n.k.i.DiagnosticsManager] Store versions:
2016-06-19 01:30:51.844+0000 INFO  [o.n.k.i.DiagnosticsManager]   ArrayPropertyStore v0.A.7
2016-06-19 01:30:51.844+0000 INFO  [o.n.k.i.DiagnosticsManager]   NodeStore v0.A.7
2016-06-19 01:30:51.844+0000 INFO  [o.n.k.i.DiagnosticsManager]   StringPropertyStore v0.A.7
2016-06-19 01:30:51.844+0000 INFO  [o.n.k.i.DiagnosticsManager]   PropertyIndexStore v0.A.7
2016-06-19 01:30:51.844+0000 INFO  [o.n.k.i.DiagnosticsManager]   StringPropertyStore v0.A.7
2016-06-19 01:30:51.844+0000 INFO  [o.n.k.i.DiagnosticsManager]   ArrayPropertyStore v0.A.7
2016-06-19 01:30:51.844+0000 INFO  [o.n.k.i.DiagnosticsManager]   PropertyStore v0.A.7
2016-06-19 01:30:51.844+0000 INFO  [o.n.k.i.DiagnosticsManager]   RelationshipStore v0.A.7
2016-06-19 01:30:51.844+0000 INFO  [o.n.k.i.DiagnosticsManager]   StringPropertyStore v0.A.7
2016-06-19 01:30:51.845+0000 INFO  [o.n.k.i.DiagnosticsManager]   RelationshipTypeStore v0.A.7
2016-06-19 01:30:51.845+0000 INFO  [o.n.k.i.DiagnosticsManager]   StringPropertyStore v0.A.7
2016-06-19 01:30:51.845+0000 INFO  [o.n.k.i.DiagnosticsManager]   LabelTokenStore v0.A.7
2016-06-19 01:30:51.845+0000 INFO  [o.n.k.i.DiagnosticsManager]   SchemaStore v0.A.7
2016-06-19 01:30:51.845+0000 INFO  [o.n.k.i.DiagnosticsManager]   RelationshipGroupStore v0.A.7
2016-06-19 01:30:51.845+0000 INFO  [o.n.k.i.DiagnosticsManager]   NeoStore v0.A.7
2016-06-19 01:30:51.845+0000 INFO  [o.n.k.i.DiagnosticsManager] Id usage:
2016-06-19 01:30:51.845+0000 INFO  [o.n.k.i.DiagnosticsManager] Id usage:
2016-06-19 01:30:51.845+0000 INFO  [o.n.k.i.DiagnosticsManager]   ArrayPropertyStore: used=1 high=0
2016-06-19 01:30:51.845+0000 INFO  [o.n.k.i.DiagnosticsManager]   NodeStore: used=4 high=3
2016-06-19 01:30:51.845+0000 INFO  [o.n.k.i.DiagnosticsManager]   StringPropertyStore: used=2 high=1
2016-06-19 01:30:51.846+0000 INFO  [o.n.k.i.DiagnosticsManager]   PropertyIndexStore: used=1 high=0
2016-06-19 01:30:51.846+0000 INFO  [o.n.k.i.DiagnosticsManager]   StringPropertyStore: used=1 high=0
2016-06-19 01:30:51.846+0000 INFO  [o.n.k.i.DiagnosticsManager]   ArrayPropertyStore: used=1 high=0
2016-06-19 01:30:51.846+0000 INFO  [o.n.k.i.DiagnosticsManager]   PropertyStore: used=2 high=1
2016-06-19 01:30:51.846+0000 INFO  [o.n.k.i.DiagnosticsManager]   RelationshipStore: used=0 high=-1
2016-06-19 01:30:51.846+0000 INFO  [o.n.k.i.DiagnosticsManager]   StringPropertyStore: used=1 high=0
2016-06-19 01:30:51.846+0000 INFO  [o.n.k.i.DiagnosticsManager]   RelationshipTypeStore: used=0 high=-1
2016-06-19 01:30:51.846+0000 INFO  [o.n.k.i.DiagnosticsManager]   StringPropertyStore: used=2 high=1
2016-06-19 01:30:51.846+0000 INFO  [o.n.k.i.DiagnosticsManager]   LabelTokenStore: used=1 high=0
2016-06-19 01:30:51.846+0000 INFO  [o.n.k.i.DiagnosticsManager]   SchemaStore: used=1 high=0
2016-06-19 01:30:51.846+0000 INFO  [o.n.k.i.DiagnosticsManager]   RelationshipGroupStore: used=1 high=0
2016-06-19 01:30:51.846+0000 INFO  [o.n.k.i.DiagnosticsManager]   NeoStore: used=13 high=12
2016-06-19 01:30:51.846+0000 INFO  [o.n.k.i.DiagnosticsManager] Neostore records:
2016-06-19 01:30:51.849+0000 INFO  [o.n.k.i.DiagnosticsManager] TIME (Creation time): 1466286541761
2016-06-19 01:30:51.849+0000 INFO  [o.n.k.i.DiagnosticsManager] RANDOM_NUMBER (Random number for store id): 7313466145173697982
2016-06-19 01:30:51.849+0000 INFO  [o.n.k.i.DiagnosticsManager] LOG_VERSION (Current log version): 0
2016-06-19 01:30:51.849+0000 INFO  [o.n.k.i.DiagnosticsManager] LAST_TRANSACTION_ID (Last committed transaction): 7
2016-06-19 01:30:51.849+0000 INFO  [o.n.k.i.DiagnosticsManager] STORE_VERSION (Store format version): 15531981201765894
2016-06-19 01:30:51.849+0000 INFO  [o.n.k.i.DiagnosticsManager] FIRST_GRAPH_PROPERTY (First property record containing graph properties): -1
2016-06-19 01:30:51.849+0000 INFO  [o.n.k.i.DiagnosticsManager] LAST_CONSTRAINT_TRANSACTION (Last committed transaction containing constraint changes): 0
2016-06-19 01:30:51.849+0000 INFO  [o.n.k.i.DiagnosticsManager] UPGRADE_TRANSACTION_ID (Transaction id most recent upgrade was performed at): 1
2016-06-19 01:30:51.849+0000 INFO  [o.n.k.i.DiagnosticsManager] UPGRADE_TIME (Time of last upgrade): 1466286541761
2016-06-19 01:30:51.849+0000 INFO  [o.n.k.i.DiagnosticsManager] LAST_TRANSACTION_CHECKSUM (Checksum of last committed transaction): -159694742110
2016-06-19 01:30:51.849+0000 INFO  [o.n.k.i.DiagnosticsManager] UPGRADE_TRANSACTION_CHECKSUM (Checksum of transaction id the most recent upgrade was performed at): 0
2016-06-19 01:30:51.849+0000 INFO  [o.n.k.i.DiagnosticsManager] LAST_CLOSED_TRANSACTION_LOG_VERSION (Log version where the last transaction commit entry has been written into): 0
2016-06-19 01:30:51.849+0000 INFO  [o.n.k.i.DiagnosticsManager] LAST_CLOSED_TRANSACTION_LOG_BYTE_OFFSET (Byte offset in the log file where the last transaction commit entry has been written into): 1010
2016-06-19 01:30:51.849+0000 INFO  [o.n.k.i.DiagnosticsManager] Transaction log:
2016-06-19 01:30:51.849+0000 INFO  [o.n.k.i.DiagnosticsManager] No transactions found in any log
2016-06-19 01:30:51.849+0000 INFO  [o.n.k.i.DiagnosticsManager] Disk space on partition (Total / Free / Free %): 249779191808 / 135577976832 / 54
Storage files: (filename : modification date - size)
2016-06-19 01:30:51.850+0000 INFO  [o.n.k.i.DiagnosticsManager]   index:
2016-06-19 01:30:51.850+0000 INFO  [o.n.k.i.DiagnosticsManager]   - Total: 2016-06-18T14:49:01-0700 - 0.00 B
2016-06-19 01:30:51.850+0000 INFO  [o.n.k.i.DiagnosticsManager]   logs:
2016-06-19 01:30:51.850+0000 INFO  [o.n.k.i.DiagnosticsManager]     debug.log: 2016-06-18T18:30:51-0700 - 16.09 kB
2016-06-19 01:30:51.850+0000 INFO  [o.n.k.i.DiagnosticsManager]   - Total: 2016-06-18T18:30:51-0700 - 16.09 kB
2016-06-19 01:30:51.850+0000 INFO  [o.n.k.i.l.StoreLogService] Rotated internal log file
2016-06-19 01:33:08.252+0000 WARN  [o.n.k.i.c.MonitorGc] GC Monitor: Application threads blocked for 787ms.
2016-06-19 01:50:02.281+0000 WARN  [o.n.k.i.c.MonitorGc] GC Monitor: Application threads blocked for 6590ms.
2016-06-19 01:50:05.044+0000 WARN  [o.n.k.i.c.MonitorGc] GC Monitor: Application threads blocked for 2528ms.
2016-06-19 01:50:05.924+0000 WARN  [o.n.k.i.c.MonitorGc] GC Monitor: Application threads blocked for 678ms.
2016-06-19 01:50:07.596+0000 WARN  [o.n.k.i.c.MonitorGc] GC Monitor: Application threads blocked for 1572ms.
2016-06-19 01:50:09.223+0000 WARN  [o.n.k.i.c.MonitorGc] GC Monitor: Application threads blocked for 1427ms.
2016-06-19 01:50:10.952+0000 WARN  [o.n.k.i.c.MonitorGc] GC Monitor: Application threads blocked for 1628ms.
2016-06-19 01:50:11.942+0000 WARN  [o.n.k.i.c.MonitorGc] GC Monitor: Application threads blocked for 889ms.
2016-06-19 01:50:12.478+0000 WARN  [o.n.k.i.c.MonitorGc] GC Monitor: Application threads blocked for 207ms.
2016-06-19 01:50:13.237+0000 WARN  [o.n.k.i.c.MonitorGc] GC Monitor: Application threads blocked for 377ms.
2016-06-19 01:50:17.800+0000 WARN  [o.n.k.i.c.MonitorGc] GC Monitor: Application threads blocked for 4463ms.
2016-06-19 03:50:30.144+0000 WARN  [o.n.k.i.c.MonitorGc] GC Monitor: Application threads blocked for 15694ms.
2016-06-19 03:50:31.668+0000 WARN  [o.n.k.i.c.MonitorGc] GC Monitor: Application threads blocked for 220ms.
2016-06-19 04:33:50.145+0000 WARN  [o.n.k.i.c.MonitorGc] GC Monitor: Application threads blocked for 5382ms.
2016-06-19 05:27:53.032+0000 WARN  [o.n.k.i.c.MonitorGc] GC Monitor: Application threads blocked for 18492ms.
2016-06-19 05:27:58.191+0000 WARN  [o.n.k.i.c.MonitorGc] GC Monitor: Application threads blocked for 3841ms.
2016-06-19 05:27:58.937+0000 WARN  [o.n.k.i.c.MonitorGc] GC Monitor: Application threads blocked for 645ms.
2016-06-19 05:28:00.113+0000 WARN  [o.n.k.i.c.MonitorGc] GC Monitor: Application threads blocked for 1075ms.
2016-06-19 05:28:02.888+0000 WARN  [o.n.k.i.c.MonitorGc] GC Monitor: Application threads blocked for 1286ms.
2016-06-19 05:28:03.366+0000 WARN  [o.n.k.i.c.MonitorGc] GC Monitor: Application threads blocked for 378ms.
2016-06-19 05:28:07.373+0000 WARN  [o.n.k.i.c.MonitorGc] GC Monitor: Application threads blocked for 3806ms.
2016-06-19 05:28:27.474+0000 WARN  [o.n.k.i.c.MonitorGc] GC Monitor: Application threads blocked for 20000ms.
2016-06-19 07:30:03.154+0000 WARN  [o.n.k.i.c.MonitorGc] GC Monitor: Application threads blocked for 30288ms.
2016-06-19 07:30:05.187+0000 WARN  [o.n.k.i.c.MonitorGc] GC Monitor: Application threads blocked for 1806ms.
2016-06-19 07:30:17.525+0000 WARN  [o.n.k.i.c.MonitorGc] GC Monitor: Application threads blocked for 10832ms.
2016-06-19 07:30:17.946+0000 WARN  [o.n.k.i.c.MonitorGc] GC Monitor: Application threads blocked for 220ms.
2016-06-19 07:30:18.295+0000 WARN  [o.n.k.i.c.MonitorGc] GC Monitor: Application threads blocked for 249ms.
2016-06-19 07:30:19.914+0000 WARN  [o.n.k.i.c.MonitorGc] GC Monitor: Application threads blocked for 1518ms.
2016-06-19 07:30:20.638+0000 WARN  [o.n.k.i.c.MonitorGc] GC Monitor: Application threads blocked for 523ms.
2016-06-19 07:30:21.617+0000 WARN  [o.n.k.i.c.MonitorGc] GC Monitor: Application threads blocked for 879ms.
2016-06-19 07:50:30.320+0000 WARN  [o.n.k.i.c.MonitorGc] GC Monitor: Application threads blocked for 12599ms.
2016-06-19 07:50:33.448+0000 WARN  [o.n.k.i.c.MonitorGc] GC Monitor: Application threads blocked for 2925ms.
2016-06-19 07:50:49.762+0000 WARN  [o.n.k.i.c.MonitorGc] GC Monitor: Application threads blocked for 16213ms.
2016-06-19 07:51:00.129+0000 WARN  [o.n.k.i.c.MonitorGc] GC Monitor: Application threads blocked for 10265ms.
2016-06-19 07:51:05.461+0000 WARN  [o.n.k.i.c.MonitorGc] GC Monitor: Application threads blocked for 3846ms.
2016-06-19 07:51:25.562+0000 WARN  [o.n.k.i.c.MonitorGc] GC Monitor: Application threads blocked for 20000ms.
2016-06-19 07:51:45.663+0000 WARN  [o.n.k.i.c.MonitorGc] GC Monitor: Application threads blocked for 20000ms.
2016-06-19 07:52:00.111+0000 WARN  [o.n.k.i.c.MonitorGc] GC Monitor: Application threads blocked for 14347ms.
2016-06-19 08:36:16.088+0000 WARN  [o.n.k.i.c.MonitorGc] GC Monitor: Application threads blocked for 10517ms.
2016-06-19 08:36:17.551+0000 WARN  [o.n.k.i.c.MonitorGc] GC Monitor: Application threads blocked for 1153ms.
2016-06-19 08:36:37.652+0000 WARN  [o.n.k.i.c.MonitorGc] GC Monitor: Application threads blocked for 20000ms.
2016-06-19 08:36:38.370+0000 WARN  [o.n.k.i.c.MonitorGc] GC Monitor: Application threads blocked for 388ms.
2016-06-19 08:36:39.521+0000 WARN  [o.n.k.i.c.MonitorGc] GC Monitor: Application threads blocked for 1050ms.
2016-06-19 08:36:40.516+0000 WARN  [o.n.k.i.c.MonitorGc] GC Monitor: Application threads blocked for 895ms.
2016-06-19 08:36:49.424+0000 WARN  [o.n.k.i.c.MonitorGc] GC Monitor: Application threads blocked for 8807ms.
2016-06-19 08:36:50.594+0000 WARN  [o.n.k.i.c.MonitorGc] GC Monitor: Application threads blocked for 1069ms.
2016-06-19 08:37:04.253+0000 WARN  [o.n.k.i.c.MonitorGc] GC Monitor: Application threads blocked for 13559ms.
2016-06-19 08:37:17.396+0000 WARN  [o.n.k.i.c.MonitorGc] GC Monitor: Application threads blocked for 11671ms.
2016-06-19 08:37:37.496+0000 WARN  [o.n.k.i.c.MonitorGc] GC Monitor: Application threads blocked for 20000ms.
2016-06-19 08:37:57.597+0000 WARN  [o.n.k.i.c.MonitorGc] GC Monitor: Application threads blocked for 20000ms.
2016-06-19 08:38:00.111+0000 WARN  [o.n.k.i.c.MonitorGc] GC Monitor: Application threads blocked for 2414ms.
2016-06-19 08:38:17.403+0000 WARN  [o.n.k.i.c.MonitorGc] GC Monitor: Application threads blocked for 15805ms.
2016-06-19 09:33:40.842+0000 WARN  [o.n.k.i.c.MonitorGc] GC Monitor: Application threads blocked for 9353ms.
2016-06-19 09:33:41.694+0000 WARN  [o.n.k.i.c.MonitorGc] GC Monitor: Application threads blocked for 752ms.
2016-06-19 09:33:44.859+0000 WARN  [o.n.k.i.c.MonitorGc] GC Monitor: Application threads blocked for 3064ms.
2016-06-19 09:33:45.626+0000 WARN  [o.n.k.i.c.MonitorGc] GC Monitor: Application threads blocked for 567ms.
2016-06-19 09:34:05.727+0000 WARN  [o.n.k.i.c.MonitorGc] GC Monitor: Application threads blocked for 20000ms.
2016-06-19 09:34:14.094+0000 WARN  [o.n.k.i.c.MonitorGc] GC Monitor: Application threads blocked for 8266ms.
2016-06-19 09:40:04.030+0000 WARN  [o.n.k.i.c.MonitorGc] GC Monitor: Application threads blocked for 20466ms.
2016-06-19 09:40:25.374+0000 WARN  [o.n.k.i.c.MonitorGc] GC Monitor: Application threads blocked for 20000ms.
2016-06-19 09:40:45.474+0000 WARN  [o.n.k.i.c.MonitorGc] GC Monitor: Application threads blocked for 20000ms.
2016-06-19 09:51:36.131+0000 WARN  [o.n.k.i.c.MonitorGc] GC Monitor: Application threads blocked for 8340ms.
2016-06-19 09:51:42.325+0000 WARN  [o.n.k.i.c.MonitorGc] GC Monitor: Application threads blocked for 4722ms.
2016-06-19 09:52:00.107+0000 WARN  [o.n.k.i.c.MonitorGc] GC Monitor: Application threads blocked for 16286ms.
2016-06-19 09:52:21.606+0000 WARN  [o.n.k.i.c.MonitorGc] GC Monitor: Application threads blocked for 20000ms.
2016-06-19 09:52:38.127+0000 WARN  [o.n.k.i.c.MonitorGc] GC Monitor: Application threads blocked for 4871ms.
2016-06-19 09:52:59.602+0000 WARN  [o.n.k.i.c.MonitorGc] GC Monitor: Application threads blocked for 20000ms.
2016-06-19 09:53:18.427+0000 WARN  [o.n.k.i.c.MonitorGc] GC Monitor: Application threads blocked for 18724ms.
2016-06-19 15:58:34.133+0000 WARN  [o.n.k.i.c.MonitorGc] GC Monitor: Application threads blocked for 9305ms.
2016-06-19 15:58:55.287+0000 WARN  [o.n.k.i.c.MonitorGc] GC Monitor: Application threads blocked for 20000ms.
2016-06-19 15:59:06.406+0000 WARN  [o.n.k.i.c.MonitorGc] GC Monitor: Application threads blocked for 11019ms.
2016-06-19 18:16:10.143+0000 WARN  [o.n.k.i.c.MonitorGc] GC Monitor: Application threads blocked for 16555ms.
2016-06-19 18:16:31.305+0000 WARN  [o.n.k.i.c.MonitorGc] GC Monitor: Application threads blocked for 20000ms.
2016-06-19 18:16:45.815+0000 WARN  [o.n.k.i.c.MonitorGc] GC Monitor: Application threads blocked for 14409ms.
2016-06-19 18:29:55.139+0000 WARN  [o.n.k.i.c.MonitorGc] GC Monitor: Application threads blocked for 12528ms.
2016-06-19 18:30:16.651+0000 WARN  [o.n.k.i.c.MonitorGc] GC Monitor: Application threads blocked for 20000ms.
2016-06-19 18:30:36.751+0000 WARN  [o.n.k.i.c.MonitorGc] GC Monitor: Application threads blocked for 20000ms.
2016-06-19 19:20:50.141+0000 WARN  [o.n.k.i.c.MonitorGc] GC Monitor: Application threads blocked for 7933ms.
2016-06-19 19:21:05.464+0000 WARN  [o.n.k.i.c.MonitorGc] GC Monitor: Application threads blocked for 14175ms.
2016-06-19 19:21:24.444+0000 WARN  [o.n.k.i.c.MonitorGc] GC Monitor: Application threads blocked for 17484ms.
2016-06-19 19:21:26.002+0000 WARN  [o.n.k.i.c.MonitorGc] GC Monitor: Application threads blocked for 1357ms.
2016-06-19 19:21:26.636+0000 WARN  [o.n.k.i.c.MonitorGc] GC Monitor: Application threads blocked for 534ms.
2016-06-19 19:21:27.309+0000 WARN  [o.n.k.i.c.MonitorGc] GC Monitor: Application threads blocked for 572ms.
2016-06-19 19:21:28.047+0000 WARN  [o.n.k.i.c.MonitorGc] GC Monitor: Application threads blocked for 637ms.
2016-06-19 19:21:28.549+0000 WARN  [o.n.k.i.c.MonitorGc] GC Monitor: Application threads blocked for 302ms.
2016-06-19 19:21:29.253+0000 WARN  [o.n.k.i.c.MonitorGc] GC Monitor: Application threads blocked for 603ms.
2016-06-19 19:41:23.147+0000 WARN  [o.n.k.i.c.MonitorGc] GC Monitor: Application threads blocked for 2365ms.
2016-06-19 19:41:44.418+0000 WARN  [o.n.k.i.c.MonitorGc] GC Monitor: Application threads blocked for 20000ms.
2016-06-19 19:41:51.537+0000 WARN  [o.n.k.i.c.MonitorGc] GC Monitor: Application threads blocked for 7019ms.
2016-06-19 19:42:00.109+0000 WARN  [o.n.k.i.c.MonitorGc] GC Monitor: Application threads blocked for 7080ms.
2016-06-19 19:42:21.478+0000 WARN  [o.n.k.i.c.MonitorGc] GC Monitor: Application threads blocked for 20000ms.
2016-06-19 19:42:23.192+0000 WARN  [o.n.k.i.c.MonitorGc] GC Monitor: Application threads blocked for 1614ms.
2016-06-19 21:28:15.151+0000 WARN  [o.n.k.i.c.MonitorGc] GC Monitor: Application threads blocked for 11860ms.
2016-06-19 21:28:19.881+0000 WARN  [o.n.k.i.c.MonitorGc] GC Monitor: Application threads blocked for 3483ms.
2016-06-19 21:28:20.661+0000 WARN  [o.n.k.i.c.MonitorGc] GC Monitor: Application threads blocked for 579ms.
2016-06-19 21:28:26.353+0000 WARN  [o.n.k.i.c.MonitorGc] GC Monitor: Application threads blocked for 5591ms.
2016-06-19 21:28:30.252+0000 WARN  [o.n.k.i.c.MonitorGc] GC Monitor: Application threads blocked for 3798ms.
2016-06-19 21:28:33.989+0000 WARN  [o.n.k.i.c.MonitorGc] GC Monitor: Application threads blocked for 3223ms.
2016-06-19 21:28:40.009+0000 WARN  [o.n.k.i.c.MonitorGc] GC Monitor: Application threads blocked for 5819ms.
2016-06-19 21:28:44.750+0000 WARN  [o.n.k.i.c.MonitorGc] GC Monitor: Application threads blocked for 3271ms.
2016-06-19 21:28:53.142+0000 WARN  [o.n.k.i.c.MonitorGc] GC Monitor: Application threads blocked for 7485ms.
2016-06-19 21:28:55.196+0000 WARN  [o.n.k.i.c.MonitorGc] GC Monitor: Application threads blocked for 785ms.
2016-06-19 21:29:02.180+0000 WARN  [o.n.k.i.c.MonitorGc] GC Monitor: Application threads blocked for 6883ms.
2016-06-19 21:29:06.963+0000 WARN  [o.n.k.i.c.MonitorGc] GC Monitor: Application threads blocked for 4583ms.
2016-06-19 21:29:10.282+0000 WARN  [o.n.k.i.c.MonitorGc] GC Monitor: Application threads blocked for 3218ms.
2016-06-19 21:29:17.201+0000 WARN  [o.n.k.i.c.MonitorGc] GC Monitor: Application threads blocked for 6818ms.
2016-06-19 21:29:31.201+0000 WARN  [o.n.k.i.c.MonitorGc] GC Monitor: Application threads blocked for 13900ms.
2016-06-19 21:29:35.134+0000 WARN  [o.n.k.i.c.MonitorGc] GC Monitor: Application threads blocked for 3731ms.
2016-06-19 21:29:36.506+0000 WARN  [o.n.k.i.c.MonitorGc] GC Monitor: Application threads blocked for 1272ms.
2016-06-19 21:29:38.544+0000 WARN  [o.n.k.i.c.MonitorGc] GC Monitor: Application threads blocked for 1837ms.
2016-06-19 21:54:47.702+0000 WARN  [o.n.k.i.c.MonitorGc] GC Monitor: Application threads blocked for 14942ms.
2016-06-19 21:54:48.952+0000 WARN  [o.n.k.i.c.MonitorGc] GC Monitor: Application threads blocked for 213ms.
2016-06-19 21:54:51.229+0000 WARN  [o.n.k.i.c.MonitorGc] GC Monitor: Application threads blocked for 2152ms.
2016-06-19 21:54:52.395+0000 WARN  [o.n.k.i.c.MonitorGc] GC Monitor: Application threads blocked for 965ms.
2016-06-19 21:55:00.898+0000 WARN  [o.n.k.i.c.MonitorGc] GC Monitor: Application threads blocked for 249ms.
2016-06-19 21:55:56.735+0000 WARN  [o.n.k.i.c.MonitorGc] GC Monitor: Application threads blocked for 7049ms.
2016-06-19 21:55:57.534+0000 WARN  [o.n.k.i.c.MonitorGc] GC Monitor: Application threads blocked for 698ms.
2016-06-19 21:56:00.107+0000 WARN  [o.n.k.i.c.MonitorGc] GC Monitor: Application threads blocked for 2473ms.
2016-06-19 21:56:02.737+0000 WARN  [o.n.k.i.c.MonitorGc] GC Monitor: Application threads blocked for 1186ms.
2016-06-19 21:56:03.823+0000 WARN  [o.n.k.i.c.MonitorGc] GC Monitor: Application threads blocked for 985ms.
2016-06-19 21:56:07.367+0000 WARN  [o.n.k.i.c.MonitorGc] GC Monitor: Application threads blocked for 3443ms.
2016-06-19 21:56:07.704+0000 WARN  [o.n.k.i.c.MonitorGc] GC Monitor: Application threads blocked for 237ms.
2016-06-19 21:56:12.163+0000 WARN  [o.n.k.i.c.MonitorGc] GC Monitor: Application threads blocked for 4358ms.
2016-06-19 21:56:13.206+0000 WARN  [o.n.k.i.c.MonitorGc] GC Monitor: Application threads blocked for 942ms.
2016-06-19 21:56:14.450+0000 WARN  [o.n.k.i.c.MonitorGc] GC Monitor: Application threads blocked for 1143ms.
2016-06-19 21:56:15.486+0000 WARN  [o.n.k.i.c.MonitorGc] GC Monitor: Application threads blocked for 935ms.
2016-06-19 21:56:16.585+0000 WARN  [o.n.k.i.c.MonitorGc] GC Monitor: Application threads blocked for 999ms.
2016-06-19 21:56:17.720+0000 WARN  [o.n.k.i.c.MonitorGc] GC Monitor: Application threads blocked for 1033ms.
2016-06-19 21:56:22.119+0000 WARN  [o.n.k.i.c.MonitorGc] GC Monitor: Application threads blocked for 4299ms.
2016-06-19 21:56:22.427+0000 WARN  [o.n.k.i.c.MonitorGc] GC Monitor: Application threads blocked for 207ms.
2016-06-19 21:56:32.527+0000 WARN  [o.n.k.i.c.MonitorGc] GC Monitor: Application threads blocked for 10000ms.
2016-06-19 21:56:38.380+0000 WARN  [o.n.k.i.c.MonitorGc] GC Monitor: Application threads blocked for 5752ms.
2016-06-19 21:57:00.108+0000 WARN  [o.n.k.i.c.MonitorGc] GC Monitor: Application threads blocked for 19156ms.
2016-06-19 21:57:08.525+0000 WARN  [o.n.k.i.c.MonitorGc] GC Monitor: Application threads blocked for 7041ms.
2016-06-19 23:57:08.701+0000 WARN  [o.n.k.i.c.MonitorGc] GC Monitor: Application threads blocked for 5191ms.
2016-06-19 23:57:12.288+0000 WARN  [o.n.k.i.c.MonitorGc] GC Monitor: Application threads blocked for 2321ms.
2016-06-20 00:57:13.137+0000 WARN  [o.n.k.i.c.MonitorGc] GC Monitor: Application threads blocked for 2945ms.
2016-06-20 00:57:14.826+0000 WARN  [o.n.k.i.c.MonitorGc] GC Monitor: Application threads blocked for 536ms.
2016-06-20 00:57:17.353+0000 WARN  [o.n.k.i.c.MonitorGc] GC Monitor: Application threads blocked for 2426ms.
2016-06-20 02:57:21.395+0000 WARN  [o.n.k.i.c.MonitorGc] GC Monitor: Application threads blocked for 13901ms.
2016-06-20 02:57:22.000+0000 WARN  [o.n.k.i.c.MonitorGc] GC Monitor: Application threads blocked for 408ms.
2016-06-20 02:57:22.366+0000 WARN  [o.n.k.i.c.MonitorGc] GC Monitor: Application threads blocked for 266ms.
2016-06-20 02:57:24.413+0000 WARN  [o.n.k.i.c.MonitorGc] GC Monitor: Application threads blocked for 1946ms.
2016-06-20 02:57:24.832+0000 WARN  [o.n.k.i.c.MonitorGc] GC Monitor: Application threads blocked for 317ms.
2016-06-20 02:57:25.526+0000 WARN  [o.n.k.i.c.MonitorGc] GC Monitor: Application threads blocked for 594ms.
2016-06-20 02:57:41.922+0000 WARN  [o.n.k.i.c.MonitorGc] GC Monitor: Application threads blocked for 16295ms.
2016-06-20 02:58:00.110+0000 WARN  [o.n.k.i.c.MonitorGc] GC Monitor: Application threads blocked for 16702ms.
2016-06-20 02:58:11.048+0000 WARN  [o.n.k.i.c.MonitorGc] GC Monitor: Application threads blocked for 9668ms.
2016-06-20 04:47:26.178+0000 WARN  [o.n.k.i.c.MonitorGc] GC Monitor: Application threads blocked for 10330ms.
2016-06-20 04:47:27.188+0000 WARN  [o.n.k.i.c.MonitorGc] GC Monitor: Application threads blocked for 847ms.
2016-06-20 04:47:27.787+0000 WARN  [o.n.k.i.c.MonitorGc] GC Monitor: Application threads blocked for 498ms.
2016-06-20 04:47:32.558+0000 WARN  [o.n.k.i.c.MonitorGc] GC Monitor: Application threads blocked for 4670ms.
2016-06-20 04:47:33.107+0000 WARN  [o.n.k.i.c.MonitorGc] GC Monitor: Application threads blocked for 448ms.
2016-06-20 04:47:34.146+0000 WARN  [o.n.k.i.c.MonitorGc] GC Monitor: Application threads blocked for 838ms.
2016-06-20 04:47:54.247+0000 WARN  [o.n.k.i.c.MonitorGc] GC Monitor: Application threads blocked for 20000ms.
2016-06-20 04:47:55.086+0000 WARN  [o.n.k.i.c.MonitorGc] GC Monitor: Application threads blocked for 739ms.
2016-06-20 09:57:42.008+0000 WARN  [o.n.k.i.c.MonitorGc] GC Monitor: Application threads blocked for 7982ms.
2016-06-20 09:57:44.909+0000 WARN  [o.n.k.i.c.MonitorGc] GC Monitor: Application threads blocked for 1515ms.
2016-06-20 09:57:46.913+0000 WARN  [o.n.k.i.c.MonitorGc] GC Monitor: Application threads blocked for 1903ms.
2016-06-20 09:57:48.476+0000 WARN  [o.n.k.i.c.MonitorGc] GC Monitor: Application threads blocked for 1262ms.
2016-06-20 09:58:00.113+0000 WARN  [o.n.k.i.c.MonitorGc] GC Monitor: Application threads blocked for 11536ms.
2016-06-20 09:58:20.103+0000 WARN  [o.n.k.i.c.MonitorGc] GC Monitor: Application threads blocked for 18728ms.
2016-06-20 15:57:53.739+0000 WARN  [o.n.k.i.c.MonitorGc] GC Monitor: Application threads blocked for 12702ms.
2016-06-20 15:57:56.363+0000 WARN  [o.n.k.i.c.MonitorGc] GC Monitor: Application threads blocked for 455ms.
2016-06-20 15:57:57.756+0000 WARN  [o.n.k.i.c.MonitorGc] GC Monitor: Application threads blocked for 1292ms.
2016-06-20 15:57:58.880+0000 WARN  [o.n.k.i.c.MonitorGc] GC Monitor: Application threads blocked for 921ms.
2016-06-20 15:58:02.244+0000 WARN  [o.n.k.i.c.MonitorGc] GC Monitor: Application threads blocked for 855ms.
2016-06-20 15:58:02.768+0000 WARN  [o.n.k.i.c.MonitorGc] GC Monitor: Application threads blocked for 424ms.
2016-06-20 15:58:04.141+0000 WARN  [o.n.k.i.c.MonitorGc] GC Monitor: Application threads blocked for 1273ms.
2016-06-20 15:58:06.733+0000 WARN  [o.n.k.i.c.MonitorGc] GC Monitor: Application threads blocked for 2491ms.
2016-06-20 15:58:07.222+0000 WARN  [o.n.k.i.c.MonitorGc] GC Monitor: Application threads blocked for 218ms.
2016-06-20 15:58:09.699+0000 WARN  [o.n.k.i.c.MonitorGc] GC Monitor: Application threads blocked for 2276ms.
2016-06-20 15:58:10.782+0000 WARN  [o.n.k.i.c.MonitorGc] GC Monitor: Application threads blocked for 982ms.
2016-06-20 15:58:11.324+0000 WARN  [o.n.k.i.c.MonitorGc] GC Monitor: Application threads blocked for 342ms.
2016-06-20 15:58:11.760+0000 WARN  [o.n.k.i.c.MonitorGc] GC Monitor: Application threads blocked for 235ms.
2016-06-20 15:58:12.553+0000 WARN  [o.n.k.i.c.MonitorGc] GC Monitor: Application threads blocked for 692ms.
2016-06-20 15:58:14.645+0000 WARN  [o.n.k.i.c.MonitorGc] GC Monitor: Application threads blocked for 1991ms.
2016-06-20 15:58:15.509+0000 WARN  [o.n.k.i.c.MonitorGc] GC Monitor: Application threads blocked for 763ms.
2016-06-20 15:58:21.006+0000 WARN  [o.n.k.i.c.MonitorGc] GC Monitor: Application threads blocked for 5396ms.
2016-06-20 15:58:22.230+0000 WARN  [o.n.k.i.c.MonitorGc] GC Monitor: Application threads blocked for 1122ms.
2016-06-20 15:58:22.690+0000 WARN  [o.n.k.i.c.MonitorGc] GC Monitor: Application threads blocked for 336ms.
2016-06-20 15:58:23.811+0000 WARN  [o.n.k.i.c.MonitorGc] GC Monitor: Application threads blocked for 920ms.
2016-06-20 15:58:26.854+0000 WARN  [o.n.k.i.c.MonitorGc] GC Monitor: Application threads blocked for 2937ms.
2016-06-20 15:58:28.235+0000 WARN  [o.n.k.i.c.MonitorGc] GC Monitor: Application threads blocked for 1280ms.
2016-06-20 15:58:30.453+0000 WARN  [o.n.k.i.c.MonitorGc] GC Monitor: Application threads blocked for 2117ms.
2016-06-20 15:58:31.557+0000 WARN  [o.n.k.i.c.MonitorGc] GC Monitor: Application threads blocked for 1003ms.
2016-06-20 15:58:32.052+0000 WARN  [o.n.k.i.c.MonitorGc] GC Monitor: Application threads blocked for 394ms.
2016-06-20 15:58:32.651+0000 WARN  [o.n.k.i.c.MonitorGc] GC Monitor: Application threads blocked for 499ms.
2016-06-20 15:58:33.813+0000 WARN  [o.n.k.i.c.MonitorGc] GC Monitor: Application threads blocked for 1061ms.
2016-06-20 15:58:35.305+0000 WARN  [o.n.k.i.c.MonitorGc] GC Monitor: Application threads blocked for 1392ms.
2016-06-20 15:58:40.197+0000 WARN  [o.n.k.i.c.MonitorGc] GC Monitor: Application threads blocked for 4791ms.
2016-06-20 15:58:43.862+0000 WARN  [o.n.k.i.c.MonitorGc] GC Monitor: Application threads blocked for 3464ms.
2016-06-20 15:58:44.179+0000 WARN  [o.n.k.i.c.MonitorGc] GC Monitor: Application threads blocked for 216ms.
2016-06-20 15:58:48.872+0000 WARN  [o.n.k.i.c.MonitorGc] GC Monitor: Application threads blocked for 4298ms.
2016-06-20 15:58:58.973+0000 WARN  [o.n.k.i.c.MonitorGc] GC Monitor: Application threads blocked for 10000ms.
2016-06-20 15:59:04.841+0000 WARN  [o.n.k.i.c.MonitorGc] GC Monitor: Application threads blocked for 5767ms.
2016-06-20 15:59:06.006+0000 WARN  [o.n.k.i.c.MonitorGc] GC Monitor: Application threads blocked for 1065ms.
2016-06-20 15:59:07.099+0000 WARN  [o.n.k.i.c.MonitorGc] GC Monitor: Application threads blocked for 992ms.
2016-06-20 15:59:07.701+0000 WARN  [o.n.k.i.c.MonitorGc] GC Monitor: Application threads blocked for 502ms.
2016-06-20 15:59:08.164+0000 WARN  [o.n.k.i.c.MonitorGc] GC Monitor: Application threads blocked for 362ms.
2016-06-20 15:59:12.014+0000 WARN  [o.n.k.i.c.MonitorGc] GC Monitor: Application threads blocked for 3748ms.
2016-06-20 15:59:12.524+0000 WARN  [o.n.k.i.c.MonitorGc] GC Monitor: Application threads blocked for 410ms.
2016-06-20 15:59:13.754+0000 WARN  [o.n.k.i.c.MonitorGc] GC Monitor: Application threads blocked for 1129ms.
2016-06-20 15:59:17.653+0000 WARN  [o.n.k.i.c.MonitorGc] GC Monitor: Application threads blocked for 3799ms.
2016-06-20 15:59:18.555+0000 WARN  [o.n.k.i.c.MonitorGc] GC Monitor: Application threads blocked for 801ms.
2016-06-20 15:59:19.671+0000 WARN  [o.n.k.i.c.MonitorGc] GC Monitor: Application threads blocked for 1015ms.
2016-06-20 15:59:20.241+0000 WARN  [o.n.k.i.c.MonitorGc] GC Monitor: Application threads blocked for 469ms.
2016-06-20 15:59:21.872+0000 WARN  [o.n.k.i.c.MonitorGc] GC Monitor: Application threads blocked for 1530ms.
2016-06-20 15:59:25.119+0000 WARN  [o.n.k.i.c.MonitorGc] GC Monitor: Application threads blocked for 3147ms.
2016-06-20 15:59:26.795+0000 WARN  [o.n.k.i.c.MonitorGc] GC Monitor: Application threads blocked for 1576ms.
2016-06-20 15:59:27.934+0000 WARN  [o.n.k.i.c.MonitorGc] GC Monitor: Application threads blocked for 1038ms.
2016-06-20 15:59:30.356+0000 WARN  [o.n.k.i.c.MonitorGc] GC Monitor: Application threads blocked for 2321ms.
2016-06-20 15:59:38.394+0000 WARN  [o.n.k.i.c.MonitorGc] GC Monitor: Application threads blocked for 7937ms.
2016-06-20 15:59:48.495+0000 WARN  [o.n.k.i.c.MonitorGc] GC Monitor: Application threads blocked for 10000ms.
2016-06-20 15:59:58.595+0000 WARN  [o.n.k.i.c.MonitorGc] GC Monitor: Application threads blocked for 10000ms.
2016-06-20 15:59:59.224+0000 WARN  [o.n.k.i.c.MonitorGc] GC Monitor: Application threads blocked for 529ms.
2016-06-20 16:00:10.131+0000 WARN  [o.n.k.i.c.MonitorGc] GC Monitor: Application threads blocked for 10000ms.
2016-06-20 16:00:15.844+0000 WARN  [o.n.k.i.c.MonitorGc] GC Monitor: Application threads blocked for 5613ms.
2016-06-20 16:00:38.633+0000 WARN  [o.n.k.i.c.MonitorGc] GC Monitor: Application threads blocked for 20000ms.
2016-06-20 16:00:45.984+0000 WARN  [o.n.k.i.c.MonitorGc] GC Monitor: Application threads blocked for 7250ms.
2016-06-20 16:05:30.715+0000 WARN  [o.n.k.i.c.MonitorGc] GC Monitor: Application threads blocked for 5305ms.
2016-06-20 16:05:34.670+0000 WARN  [o.n.k.i.c.MonitorGc] GC Monitor: Application threads blocked for 2684ms.
2016-06-20 16:05:35.662+0000 WARN  [o.n.k.i.c.MonitorGc] GC Monitor: Application threads blocked for 890ms.
2016-06-20 16:05:36.064+0000 WARN  [o.n.k.i.c.MonitorGc] GC Monitor: Application threads blocked for 301ms.
2016-06-20 16:05:36.570+0000 WARN  [o.n.k.i.c.MonitorGc] GC Monitor: Application threads blocked for 405ms.
2016-06-20 16:05:37.077+0000 WARN  [o.n.k.i.c.MonitorGc] GC Monitor: Application threads blocked for 406ms.
2016-06-20 16:05:37.424+0000 WARN  [o.n.k.i.c.MonitorGc] GC Monitor: Application threads blocked for 246ms.
2016-06-20 16:05:38.726+0000 WARN  [o.n.k.i.c.MonitorGc] GC Monitor: Application threads blocked for 763ms.
2016-06-20 16:05:39.451+0000 WARN  [o.n.k.i.c.MonitorGc] GC Monitor: Application threads blocked for 624ms.
2016-06-20 16:05:41.180+0000 WARN  [o.n.k.i.c.MonitorGc] GC Monitor: Application threads blocked for 1260ms.
2016-06-20 16:05:42.412+0000 WARN  [o.n.k.i.c.MonitorGc] GC Monitor: Application threads blocked for 1130ms.
2016-06-20 16:05:52.136+0000 WARN  [o.n.k.i.c.MonitorGc] GC Monitor: Application threads blocked for 9624ms.
2016-06-20 16:06:01.045+0000 WARN  [o.n.k.i.c.MonitorGc] GC Monitor: Application threads blocked for 8808ms.
2016-06-20 16:13:03.041+0000 WARN  [o.n.k.i.c.MonitorGc] GC Monitor: Application threads blocked for 2521ms.
2016-06-20 16:13:02.385+0000 WARN  [o.n.k.i.c.MonitorGc] GC Monitor: Application threads blocked for 877ms.
2016-06-20 16:13:03.420+0000 WARN  [o.n.k.i.c.MonitorGc] GC Monitor: Application threads blocked for 438ms.
2016-06-20 16:13:04.080+0000 WARN  [o.n.k.i.c.MonitorGc] GC Monitor: Application threads blocked for 559ms.
2016-06-20 16:38:39.056+0000 WARN  [o.n.k.i.c.MonitorGc] GC Monitor: Application threads blocked for 1571ms.
2016-06-20 16:38:42.036+0000 WARN  [o.n.k.i.c.MonitorGc] GC Monitor: Application threads blocked for 1019ms.
2016-06-20 16:38:42.540+0000 WARN  [o.n.k.i.c.MonitorGc] GC Monitor: Application threads blocked for 403ms.
2016-06-20 16:38:44.690+0000 WARN  [o.n.k.i.c.MonitorGc] GC Monitor: Application threads blocked for 2050ms.
2016-06-20 16:38:48.292+0000 WARN  [o.n.k.i.c.MonitorGc] GC Monitor: Application threads blocked for 2370ms.
2016-06-20 16:38:55.161+0000 WARN  [o.n.k.i.c.MonitorGc] GC Monitor: Application threads blocked for 6664ms.
2016-06-20 16:38:56.188+0000 WARN  [o.n.k.i.c.MonitorGc] GC Monitor: Application threads blocked for 826ms.
2016-06-20 16:38:58.970+0000 WARN  [o.n.k.i.c.MonitorGc] GC Monitor: Application threads blocked for 2681ms.
2016-06-20 16:39:05.877+0000 WARN  [o.n.k.i.c.MonitorGc] GC Monitor: Application threads blocked for 6706ms.
2016-06-20 16:39:45.386+0000 WARN  [o.n.k.i.c.MonitorGc] GC Monitor: Application threads blocked for 4643ms.
2016-06-20 16:39:49.143+0000 WARN  [o.n.k.i.c.MonitorGc] GC Monitor: Application threads blocked for 3656ms.
2016-06-20 16:39:50.606+0000 WARN  [o.n.k.i.c.MonitorGc] GC Monitor: Application threads blocked for 1362ms.
2016-06-20 16:39:51.813+0000 WARN  [o.n.k.i.c.MonitorGc] GC Monitor: Application threads blocked for 1106ms.
2016-06-20 16:39:52.365+0000 WARN  [o.n.k.i.c.MonitorGc] GC Monitor: Application threads blocked for 446ms.
2016-06-20 16:39:58.373+0000 WARN  [o.n.k.i.c.MonitorGc] GC Monitor: Application threads blocked for 5908ms.
2016-06-20 16:41:10.746+0000 WARN  [o.n.k.i.c.MonitorGc] GC Monitor: Application threads blocked for 830ms.
2016-06-20 16:41:12.143+0000 WARN  [o.n.k.i.c.MonitorGc] GC Monitor: Application threads blocked for 1295ms.
2016-06-20 16:41:13.609+0000 WARN  [o.n.k.i.c.MonitorGc] GC Monitor: Application threads blocked for 1365ms.
2016-06-20 16:41:14.427+0000 WARN  [o.n.k.i.c.MonitorGc] GC Monitor: Application threads blocked for 718ms.
2016-06-20 16:41:17.192+0000 WARN  [o.n.k.i.c.MonitorGc] GC Monitor: Application threads blocked for 2664ms.
2016-06-20 16:41:19.357+0000 WARN  [o.n.k.i.c.MonitorGc] GC Monitor: Application threads blocked for 2064ms.
2016-06-20 16:41:20.533+0000 WARN  [o.n.k.i.c.MonitorGc] GC Monitor: Application threads blocked for 1075ms.
2016-06-20 16:41:21.163+0000 WARN  [o.n.k.i.c.MonitorGc] GC Monitor: Application threads blocked for 529ms.
2016-06-20 16:41:22.517+0000 WARN  [o.n.k.i.c.MonitorGc] GC Monitor: Application threads blocked for 1254ms.
2016-06-20 16:41:25.018+0000 WARN  [o.n.k.i.c.MonitorGc] GC Monitor: Application threads blocked for 2400ms.
2016-06-20 16:41:25.668+0000 WARN  [o.n.k.i.c.MonitorGc] GC Monitor: Application threads blocked for 549ms.
2016-06-20 16:41:27.724+0000 WARN  [o.n.k.i.c.MonitorGc] GC Monitor: Application threads blocked for 1955ms.
2016-06-20 16:41:28.740+0000 WARN  [o.n.k.i.c.MonitorGc] GC Monitor: Application threads blocked for 915ms.
2016-06-20 16:41:38.840+0000 WARN  [o.n.k.i.c.MonitorGc] GC Monitor: Application threads blocked for 10000ms.
2016-06-20 16:41:40.334+0000 WARN  [o.n.k.i.c.MonitorGc] GC Monitor: Application threads blocked for 1393ms.
2016-06-20 16:41:41.516+0000 WARN  [o.n.k.i.c.MonitorGc] GC Monitor: Application threads blocked for 1081ms.
2016-06-20 16:41:42.680+0000 WARN  [o.n.k.i.c.MonitorGc] GC Monitor: Application threads blocked for 1063ms.
2016-06-20 16:41:44.022+0000 WARN  [o.n.k.i.c.MonitorGc] GC Monitor: Application threads blocked for 1241ms.
2016-06-20 16:41:45.074+0000 WARN  [o.n.k.i.c.MonitorGc] GC Monitor: Application threads blocked for 951ms.
2016-06-20 16:41:49.537+0000 WARN  [o.n.k.i.c.MonitorGc] GC Monitor: Application threads blocked for 4362ms.
2016-06-20 16:41:50.147+0000 WARN  [o.n.k.i.c.MonitorGc] GC Monitor: Application threads blocked for 509ms.
2016-06-20 16:41:52.354+0000 WARN  [o.n.k.i.c.MonitorGc] GC Monitor: Application threads blocked for 2106ms.
2016-06-20 16:41:53.862+0000 WARN  [o.n.k.i.c.MonitorGc] GC Monitor: Application threads blocked for 1300ms.
2016-06-20 16:41:54.655+0000 WARN  [o.n.k.i.c.MonitorGc] GC Monitor: Application threads blocked for 681ms.
2016-06-20 16:41:55.735+0000 WARN  [o.n.k.i.c.MonitorGc] GC Monitor: Application threads blocked for 980ms.
2016-06-20 16:41:59.081+0000 WARN  [o.n.k.i.c.MonitorGc] GC Monitor: Application threads blocked for 3243ms.
2016-06-20 16:42:00.111+0000 WARN  [o.n.k.i.c.MonitorGc] GC Monitor: Application threads blocked for 929ms.
2016-06-20 16:42:01.588+0000 WARN  [o.n.k.i.c.MonitorGc] GC Monitor: Application threads blocked for 967ms.
2016-06-20 16:42:41.193+0000 WARN  [o.n.k.i.c.MonitorGc] GC Monitor: Application threads blocked for 1049ms.
2016-06-20 16:42:43.375+0000 WARN  [o.n.k.i.c.MonitorGc] GC Monitor: Application threads blocked for 2082ms.
2016-06-20 16:42:43.713+0000 WARN  [o.n.k.i.c.MonitorGc] GC Monitor: Application threads blocked for 237ms.
2016-06-20 16:42:45.921+0000 WARN  [o.n.k.i.c.MonitorGc] GC Monitor: Application threads blocked for 2108ms.
2016-06-20 16:42:48.250+0000 WARN  [o.n.k.i.c.MonitorGc] GC Monitor: Application threads blocked for 2228ms.
2016-06-20 16:42:48.578+0000 WARN  [o.n.k.i.c.MonitorGc] GC Monitor: Application threads blocked for 227ms.
2016-06-20 16:42:55.685+0000 WARN  [o.n.k.i.c.MonitorGc] GC Monitor: Application threads blocked for 7006ms.
2016-06-20 16:42:56.299+0000 WARN  [o.n.k.i.c.MonitorGc] GC Monitor: Application threads blocked for 514ms.
2016-06-20 16:43:00.549+0000 WARN  [o.n.k.i.c.MonitorGc] GC Monitor: Application threads blocked for 4149ms.
2016-06-20 16:43:01.194+0000 WARN  [o.n.k.i.c.MonitorGc] GC Monitor: Application threads blocked for 355ms.
2016-06-20 16:43:01.736+0000 WARN  [o.n.k.i.c.MonitorGc] GC Monitor: Application threads blocked for 441ms.
2016-06-20 16:43:03.186+0000 WARN  [o.n.k.i.c.MonitorGc] GC Monitor: Application threads blocked for 1349ms.
2016-06-20 16:43:04.619+0000 WARN  [o.n.k.i.c.MonitorGc] GC Monitor: Application threads blocked for 1332ms.
2016-06-20 16:43:06.263+0000 WARN  [o.n.k.i.c.MonitorGc] GC Monitor: Application threads blocked for 1544ms.
2016-06-20 16:43:06.987+0000 WARN  [o.n.k.i.c.MonitorGc] GC Monitor: Application threads blocked for 623ms.
2016-06-20 16:43:08.471+0000 WARN  [o.n.k.i.c.MonitorGc] GC Monitor: Application threads blocked for 1383ms.
2016-06-20 16:43:10.177+0000 WARN  [o.n.k.i.c.MonitorGc] GC Monitor: Application threads blocked for 1598ms.
2016-06-20 16:43:15.286+0000 WARN  [o.n.k.i.c.MonitorGc] GC Monitor: Application threads blocked for 5008ms.
2016-06-20 16:43:15.752+0000 WARN  [o.n.k.i.c.MonitorGc] GC Monitor: Application threads blocked for 365ms.
2016-06-20 16:43:17.614+0000 WARN  [o.n.k.i.c.MonitorGc] GC Monitor: Application threads blocked for 1761ms.
2016-06-20 16:43:17.935+0000 WARN  [o.n.k.i.c.MonitorGc] GC Monitor: Application threads blocked for 220ms.
2016-06-20 16:43:19.488+0000 WARN  [o.n.k.i.c.MonitorGc] GC Monitor: Application threads blocked for 1453ms.
2016-06-20 16:43:24.678+0000 WARN  [o.n.k.i.c.MonitorGc] GC Monitor: Application threads blocked for 5088ms.
2016-06-20 16:43:26.063+0000 WARN  [o.n.k.i.c.MonitorGc] GC Monitor: Application threads blocked for 1284ms.
2016-06-20 16:43:27.107+0000 WARN  [o.n.k.i.c.MonitorGc] GC Monitor: Application threads blocked for 943ms.
2016-06-20 16:43:37.207+0000 WARN  [o.n.k.i.c.MonitorGc] GC Monitor: Application threads blocked for 10000ms.
2016-06-20 16:43:42.345+0000 WARN  [o.n.k.i.c.MonitorGc] GC Monitor: Application threads blocked for 5037ms.
2016-06-20 16:43:43.989+0000 WARN  [o.n.k.i.c.MonitorGc] GC Monitor: Application threads blocked for 1543ms.
2016-06-20 16:43:46.968+0000 WARN  [o.n.k.i.c.MonitorGc] GC Monitor: Application threads blocked for 2738ms.
2016-06-20 16:43:47.619+0000 WARN  [o.n.k.i.c.MonitorGc] GC Monitor: Application threads blocked for 550ms.
2016-06-20 16:43:49.401+0000 WARN  [o.n.k.i.c.MonitorGc] GC Monitor: Application threads blocked for 1682ms.
2016-06-20 16:43:50.566+0000 WARN  [o.n.k.i.c.MonitorGc] GC Monitor: Application threads blocked for 1065ms.
2016-06-20 16:43:50.959+0000 WARN  [o.n.k.i.c.MonitorGc] GC Monitor: Application threads blocked for 292ms.
2016-06-20 16:43:58.710+0000 WARN  [o.n.k.i.c.MonitorGc] GC Monitor: Application threads blocked for 7650ms.
2016-06-20 16:43:59.058+0000 WARN  [o.n.k.i.c.MonitorGc] GC Monitor: Application threads blocked for 247ms.
2016-06-20 16:44:00.326+0000 WARN  [o.n.k.i.c.MonitorGc] GC Monitor: Application threads blocked for 1168ms.
2016-06-20 16:44:01.509+0000 WARN  [o.n.k.i.c.MonitorGc] GC Monitor: Application threads blocked for 1082ms.
2016-06-20 16:44:02.607+0000 WARN  [o.n.k.i.c.MonitorGc] GC Monitor: Application threads blocked for 991ms.
2016-06-20 16:44:03.395+0000 WARN  [o.n.k.i.c.MonitorGc] GC Monitor: Application threads blocked for 687ms.
2016-06-20 16:44:09.578+0000 WARN  [o.n.k.i.c.MonitorGc] GC Monitor: Application threads blocked for 6083ms.
2016-06-20 16:44:10.742+0000 WARN  [o.n.k.i.c.MonitorGc] GC Monitor: Application threads blocked for 1063ms.
2016-06-20 16:44:11.835+0000 WARN  [o.n.k.i.c.MonitorGc] GC Monitor: Application threads blocked for 992ms.
2016-06-20 16:44:13.200+0000 WARN  [o.n.k.i.c.MonitorGc] GC Monitor: Application threads blocked for 1264ms.
2016-06-20 16:44:17.028+0000 WARN  [o.n.k.i.c.MonitorGc] GC Monitor: Application threads blocked for 3721ms.
2016-06-20 16:44:23.673+0000 WARN  [o.n.k.i.c.MonitorGc] GC Monitor: Application threads blocked for 6545ms.
2016-06-20 16:44:24.505+0000 WARN  [o.n.k.i.c.MonitorGc] GC Monitor: Application threads blocked for 731ms.
2016-06-20 16:44:25.756+0000 WARN  [o.n.k.i.c.MonitorGc] GC Monitor: Application threads blocked for 1151ms.
2016-06-20 16:44:27.960+0000 WARN  [o.n.k.i.c.MonitorGc] GC Monitor: Application threads blocked for 2103ms.
2016-06-20 16:44:28.310+0000 WARN  [o.n.k.i.c.MonitorGc] GC Monitor: Application threads blocked for 250ms.
2016-06-20 16:44:29.423+0000 WARN  [o.n.k.i.c.MonitorGc] GC Monitor: Application threads blocked for 1012ms.
2016-06-20 16:44:31.318+0000 WARN  [o.n.k.i.c.MonitorGc] GC Monitor: Application threads blocked for 1793ms.
2016-06-20 16:44:32.354+0000 WARN  [o.n.k.i.c.MonitorGc] GC Monitor: Application threads blocked for 935ms.
2016-06-20 16:44:34.537+0000 WARN  [o.n.k.i.c.MonitorGc] GC Monitor: Application threads blocked for 2083ms.
2016-06-20 16:44:35.445+0000 WARN  [o.n.k.i.c.MonitorGc] GC Monitor: Application threads blocked for 806ms.
2016-06-20 16:44:36.354+0000 WARN  [o.n.k.i.c.MonitorGc] GC Monitor: Application threads blocked for 808ms.
2016-06-20 16:44:46.455+0000 WARN  [o.n.k.i.c.MonitorGc] GC Monitor: Application threads blocked for 10000ms.
2016-06-20 16:44:56.556+0000 WARN  [o.n.k.i.c.MonitorGc] GC Monitor: Application threads blocked for 10000ms.
2016-06-20 16:45:05.850+0000 WARN  [o.n.k.i.c.MonitorGc] GC Monitor: Application threads blocked for 9194ms.
2016-06-20 16:45:06.945+0000 WARN  [o.n.k.i.c.MonitorGc] GC Monitor: Application threads blocked for 983ms.
2016-06-20 16:45:08.026+0000 WARN  [o.n.k.i.c.MonitorGc] GC Monitor: Application threads blocked for 879ms.
2016-06-20 16:45:13.007+0000 WARN  [o.n.k.i.c.MonitorGc] GC Monitor: Application threads blocked for 4880ms.
2016-06-20 16:45:14.877+0000 WARN  [o.n.k.i.c.MonitorGc] GC Monitor: Application threads blocked for 1770ms.
2016-06-20 16:45:15.909+0000 WARN  [o.n.k.i.c.MonitorGc] GC Monitor: Application threads blocked for 930ms.
2016-06-20 16:45:21.831+0000 WARN  [o.n.k.i.c.MonitorGc] GC Monitor: Application threads blocked for 5821ms.
2016-06-20 16:45:23.209+0000 WARN  [o.n.k.i.c.MonitorGc] GC Monitor: Application threads blocked for 1276ms.
2016-06-20 16:45:24.082+0000 WARN  [o.n.k.i.c.MonitorGc] GC Monitor: Application threads blocked for 772ms.
2016-06-20 16:45:24.644+0000 WARN  [o.n.k.i.c.MonitorGc] GC Monitor: Application threads blocked for 461ms.
2016-06-20 16:45:26.543+0000 WARN  [o.n.k.i.c.MonitorGc] GC Monitor: Application threads blocked for 1799ms.
2016-06-20 16:45:27.048+0000 WARN  [o.n.k.i.c.MonitorGc] GC Monitor: Application threads blocked for 405ms.
2016-06-20 16:45:28.145+0000 WARN  [o.n.k.i.c.MonitorGc] GC Monitor: Application threads blocked for 992ms.
2016-06-20 16:45:38.247+0000 WARN  [o.n.k.i.c.MonitorGc] GC Monitor: Application threads blocked for 10000ms.
2016-06-20 16:45:44.511+0000 WARN  [o.n.k.i.c.MonitorGc] GC Monitor: Application threads blocked for 6163ms.
2016-06-20 16:45:46.071+0000 WARN  [o.n.k.i.c.MonitorGc] GC Monitor: Application threads blocked for 1459ms.
2016-06-20 16:45:47.206+0000 WARN  [o.n.k.i.c.MonitorGc] GC Monitor: Application threads blocked for 1034ms.
2016-06-20 16:45:57.308+0000 WARN  [o.n.k.i.c.MonitorGc] GC Monitor: Application threads blocked for 10000ms.
2016-06-20 16:46:07.408+0000 WARN  [o.n.k.i.c.MonitorGc] GC Monitor: Application threads blocked for 10000ms.
2016-06-20 16:46:17.509+0000 WARN  [o.n.k.i.c.MonitorGc] GC Monitor: Application threads blocked for 10000ms.
2016-06-20 16:46:27.609+0000 WARN  [o.n.k.i.c.MonitorGc] GC Monitor: Application threads blocked for 10000ms.
2016-06-20 16:46:30.019+0000 WARN  [o.n.k.i.c.MonitorGc] GC Monitor: Application threads blocked for 2309ms.
2016-06-20 16:46:45.311+0000 WARN  [o.n.k.i.c.MonitorGc] GC Monitor: Application threads blocked for 12532ms.
2016-06-20 16:58:39.041+0000 WARN  [o.n.k.i.c.MonitorGc] GC Monitor: Application threads blocked for 4853ms.
2016-06-20 16:58:41.042+0000 WARN  [o.n.k.i.c.MonitorGc] GC Monitor: Application threads blocked for 787ms.
2016-06-20 16:58:45.227+0000 WARN  [o.n.k.i.c.MonitorGc] GC Monitor: Application threads blocked for 2741ms.
2016-06-20 16:58:53.054+0000 WARN  [o.n.k.i.c.MonitorGc] GC Monitor: Application threads blocked for 7726ms.
2016-06-20 17:05:37.167+0000 WARN  [o.n.k.i.c.MonitorGc] GC Monitor: Application threads blocked for 1371ms.
2016-06-20 17:06:59.762+0000 WARN  [o.n.k.i.c.MonitorGc] GC Monitor: Application threads blocked for 707ms.
2016-06-20 17:08:00.010+0000 WARN  [o.n.k.i.c.MonitorGc] GC Monitor: Application threads blocked for 602ms.
2016-06-20 17:09:39.429+0000 WARN  [o.n.k.i.c.MonitorGc] GC Monitor: Application threads blocked for 10000ms.
2016-06-20 17:09:49.531+0000 WARN  [o.n.k.i.c.MonitorGc] GC Monitor: Application threads blocked for 10000ms.
2016-06-20 17:09:59.631+0000 WARN  [o.n.k.i.c.MonitorGc] GC Monitor: Application threads blocked for 10000ms.
2016-06-20 17:10:00.007+0000 WARN  [o.n.k.i.c.MonitorGc] GC Monitor: Application threads blocked for 275ms.
2016-06-20 17:11:00.008+0000 WARN  [o.n.k.i.c.MonitorGc] GC Monitor: Application threads blocked for 712ms.
2016-06-20 17:12:00.007+0000 WARN  [o.n.k.i.c.MonitorGc] GC Monitor: Application threads blocked for 627ms.
2016-06-20 17:13:00.007+0000 WARN  [o.n.k.i.c.MonitorGc] GC Monitor: Application threads blocked for 750ms.
2016-06-20 17:14:08.765+0000 WARN  [o.n.k.i.c.MonitorGc] GC Monitor: Application threads blocked for 10000ms.
2016-06-20 17:14:18.867+0000 WARN  [o.n.k.i.c.MonitorGc] GC Monitor: Application threads blocked for 10000ms.
2016-06-20 17:14:23.437+0000 WARN  [o.n.k.i.c.MonitorGc] GC Monitor: Application threads blocked for 4470ms.
2016-06-20 17:14:33.468+0000 WARN  [o.n.k.i.c.MonitorGc] GC Monitor: Application threads blocked for 9929ms.
2016-06-20 17:14:39.045+0000 WARN  [o.n.k.i.c.MonitorGc] GC Monitor: Application threads blocked for 5477ms.
2016-06-20 17:14:40.414+0000 WARN  [o.n.k.i.c.MonitorGc] GC Monitor: Application threads blocked for 1168ms.
2016-06-20 17:14:41.629+0000 WARN  [o.n.k.i.c.MonitorGc] GC Monitor: Application threads blocked for 1114ms.
2016-06-20 17:14:49.549+0000 WARN  [o.n.k.i.c.MonitorGc] GC Monitor: Application threads blocked for 7819ms.
2016-06-20 17:14:51.759+0000 WARN  [o.n.k.i.c.MonitorGc] GC Monitor: Application threads blocked for 2109ms.
2016-06-20 17:15:01.859+0000 WARN  [o.n.k.i.c.MonitorGc] GC Monitor: Application threads blocked for 10000ms.
2016-06-20 17:15:06.087+0000 WARN  [o.n.k.i.c.MonitorGc] GC Monitor: Application threads blocked for 4121ms.
2016-06-20 17:15:09.044+0000 WARN  [o.n.k.i.c.MonitorGc] GC Monitor: Application threads blocked for 2851ms.
2016-06-20 17:15:19.145+0000 WARN  [o.n.k.i.c.MonitorGc] GC Monitor: Application threads blocked for 10000ms.
2016-06-20 17:15:22.427+0000 WARN  [o.n.k.i.c.MonitorGc] GC Monitor: Application threads blocked for 3181ms.
2016-06-20 17:15:26.609+0000 WARN  [o.n.k.i.c.MonitorGc] GC Monitor: Application threads blocked for 3881ms.
2016-06-20 17:15:27.259+0000 WARN  [o.n.k.i.c.MonitorGc] GC Monitor: Application threads blocked for 431ms.
2016-06-20 17:15:29.228+0000 WARN  [o.n.k.i.c.MonitorGc] GC Monitor: Application threads blocked for 1769ms.
2016-06-20 17:15:30.880+0000 WARN  [o.n.k.i.c.MonitorGc] GC Monitor: Application threads blocked for 1449ms.
2016-06-20 17:15:35.124+0000 WARN  [o.n.k.i.c.MonitorGc] GC Monitor: Application threads blocked for 4143ms.
2016-06-20 17:15:41.618+0000 WARN  [o.n.k.i.c.MonitorGc] GC Monitor: Application threads blocked for 6393ms.
2016-06-20 17:15:45.414+0000 WARN  [o.n.k.i.c.MonitorGc] GC Monitor: Application threads blocked for 3560ms.
2016-06-20 17:15:48.723+0000 WARN  [o.n.k.i.c.MonitorGc] GC Monitor: Application threads blocked for 822ms.
2016-06-20 17:15:49.718+0000 WARN  [o.n.k.i.c.MonitorGc] GC Monitor: Application threads blocked for 278ms.
2016-06-20 17:15:51.640+0000 WARN  [o.n.k.i.c.MonitorGc] GC Monitor: Application threads blocked for 484ms.
2016-06-20 17:15:56.968+0000 WARN  [o.n.k.i.c.MonitorGc] GC Monitor: Application threads blocked for 5120ms.
2016-06-20 17:16:07.068+0000 WARN  [o.n.k.i.c.MonitorGc] GC Monitor: Application threads blocked for 10000ms.
2016-06-20 17:16:17.169+0000 WARN  [o.n.k.i.c.MonitorGc] GC Monitor: Application threads blocked for 10000ms.
2016-06-20 17:16:18.159+0000 WARN  [o.n.k.i.c.MonitorGc] GC Monitor: Application threads blocked for 889ms.
2016-06-20 17:16:21.038+0000 WARN  [o.n.k.i.c.MonitorGc] GC Monitor: Application threads blocked for 2675ms.
2016-06-20 17:16:24.551+0000 WARN  [o.n.k.i.c.MonitorGc] GC Monitor: Application threads blocked for 2074ms.
2016-06-20 17:16:34.756+0000 WARN  [o.n.k.i.c.MonitorGc] GC Monitor: Application threads blocked for 10000ms.
2016-06-20 17:16:44.857+0000 WARN  [o.n.k.i.c.MonitorGc] GC Monitor: Application threads blocked for 10000ms.
2016-06-20 17:16:46.374+0000 WARN  [o.n.k.i.c.MonitorGc] GC Monitor: Application threads blocked for 1416ms.
2016-06-20 17:16:49.016+0000 WARN  [o.n.k.i.c.MonitorGc] GC Monitor: Application threads blocked for 2441ms.
2016-06-20 17:16:49.467+0000 WARN  [o.n.k.i.c.MonitorGc] GC Monitor: Application threads blocked for 350ms.
2016-06-20 17:16:59.771+0000 WARN  [o.n.k.i.c.MonitorGc] GC Monitor: Application threads blocked for 10000ms.
2016-06-20 17:18:59.840+0000 WARN  [o.n.k.i.c.MonitorGc] GC Monitor: Application threads blocked for 459ms.
2016-06-20 17:19:09.947+0000 WARN  [o.n.k.i.c.MonitorGc] GC Monitor: Application threads blocked for 10000ms.
2016-06-20 17:19:20.047+0000 WARN  [o.n.k.i.c.MonitorGc] GC Monitor: Application threads blocked for 10000ms.
2016-06-20 17:19:29.964+0000 WARN  [o.n.k.i.c.MonitorGc] GC Monitor: Application threads blocked for 9816ms.
2016-06-20 17:19:35.757+0000 WARN  [o.n.k.i.c.MonitorGc] GC Monitor: Application threads blocked for 5692ms.
2016-06-20 17:19:37.489+0000 WARN  [o.n.k.i.c.MonitorGc] GC Monitor: Application threads blocked for 1631ms.
2016-06-20 17:19:40.478+0000 WARN  [o.n.k.i.c.MonitorGc] GC Monitor: Application threads blocked for 2888ms.
2016-06-20 17:19:44.909+0000 WARN  [o.n.k.i.c.MonitorGc] GC Monitor: Application threads blocked for 4330ms.
2016-06-20 17:19:49.611+0000 WARN  [o.n.k.i.c.MonitorGc] GC Monitor: Application threads blocked for 4601ms.
2016-06-20 17:19:50.593+0000 WARN  [o.n.k.i.c.MonitorGc] GC Monitor: Application threads blocked for 878ms.
2016-06-20 17:19:53.738+0000 WARN  [o.n.k.i.c.MonitorGc] GC Monitor: Application threads blocked for 3045ms.
2016-06-20 17:19:54.694+0000 WARN  [o.n.k.i.c.MonitorGc] GC Monitor: Application threads blocked for 855ms.
2016-06-20 17:19:56.901+0000 WARN  [o.n.k.i.c.MonitorGc] GC Monitor: Application threads blocked for 2107ms.
2016-06-20 17:20:00.008+0000 WARN  [o.n.k.i.c.MonitorGc] GC Monitor: Application threads blocked for 3006ms.
2016-06-20 17:21:00.007+0000 WARN  [o.n.k.i.c.MonitorGc] GC Monitor: Application threads blocked for 923ms.
2016-06-20 17:22:00.006+0000 WARN  [o.n.k.i.c.MonitorGc] GC Monitor: Application threads blocked for 850ms.
2016-06-20 17:22:50.103+0000 WARN  [o.n.k.i.c.MonitorGc] GC Monitor: Application threads blocked for 684ms.
2016-06-20 17:23:00.008+0000 WARN  [o.n.k.i.c.MonitorGc] GC Monitor: Application threads blocked for 969ms.
2016-06-20 17:24:02.131+0000 WARN  [o.n.k.i.c.MonitorGc] GC Monitor: Application threads blocked for 3444ms.
2016-06-20 17:24:12.231+0000 WARN  [o.n.k.i.c.MonitorGc] GC Monitor: Application threads blocked for 10000ms.
2016-06-20 17:24:14.722+0000 WARN  [o.n.k.i.c.MonitorGc] GC Monitor: Application threads blocked for 2389ms.
2016-06-20 17:24:19.767+0000 WARN  [o.n.k.i.c.MonitorGc] GC Monitor: Application threads blocked for 4945ms.
2016-06-20 17:25:00.151+0000 WARN  [o.n.k.i.c.MonitorGc] GC Monitor: Application threads blocked for 1014ms.
2016-06-20 17:25:02.218+0000 WARN  [o.n.k.i.c.MonitorGc] GC Monitor: Application threads blocked for 1963ms.
2016-06-20 17:25:12.320+0000 WARN  [o.n.k.i.c.MonitorGc] GC Monitor: Application threads blocked for 10000ms.
2016-06-20 17:25:22.422+0000 WARN  [o.n.k.i.c.MonitorGc] GC Monitor: Application threads blocked for 10000ms.
2016-06-20 17:25:32.522+0000 WARN  [o.n.k.i.c.MonitorGc] GC Monitor: Application threads blocked for 10000ms.
2016-06-20 17:25:36.748+0000 WARN  [o.n.k.i.c.MonitorGc] GC Monitor: Application threads blocked for 4125ms.
2016-06-20 17:25:41.232+0000 WARN  [o.n.k.i.c.MonitorGc] GC Monitor: Application threads blocked for 4370ms.
2016-06-20 17:25:43.061+0000 WARN  [o.n.k.i.c.MonitorGc] GC Monitor: Application threads blocked for 1722ms.
2016-06-20 17:25:51.015+0000 WARN  [o.n.k.i.c.MonitorGc] GC Monitor: Application threads blocked for 7854ms.
2016-06-20 17:26:01.121+0000 WARN  [o.n.k.i.c.MonitorGc] GC Monitor: Application threads blocked for 10000ms.
2016-06-20 17:26:11.221+0000 WARN  [o.n.k.i.c.MonitorGc] GC Monitor: Application threads blocked for 10000ms.
2016-06-20 17:26:21.324+0000 WARN  [o.n.k.i.c.MonitorGc] GC Monitor: Application threads blocked for 10000ms.
2016-06-20 17:26:31.426+0000 WARN  [o.n.k.i.c.MonitorGc] GC Monitor: Application threads blocked for 10000ms.
2016-06-20 17:26:37.042+0000 WARN  [o.n.k.i.c.MonitorGc] GC Monitor: Application threads blocked for 5516ms.
2016-06-20 17:28:00.007+0000 WARN  [o.n.k.i.c.MonitorGc] GC Monitor: Application threads blocked for 643ms.
2016-06-20 17:29:00.211+0000 WARN  [o.n.k.i.c.MonitorGc] GC Monitor: Application threads blocked for 964ms.
2016-06-20 17:29:01.177+0000 WARN  [o.n.k.i.c.MonitorGc] GC Monitor: Application threads blocked for 864ms.
2016-06-20 17:29:02.924+0000 WARN  [o.n.k.i.c.MonitorGc] GC Monitor: Application threads blocked for 1644ms.
2016-06-20 17:29:05.675+0000 WARN  [o.n.k.i.c.MonitorGc] GC Monitor: Application threads blocked for 2650ms.
2016-06-20 17:29:07.164+0000 WARN  [o.n.k.i.c.MonitorGc] GC Monitor: Application threads blocked for 1387ms.
2016-06-20 17:29:08.936+0000 WARN  [o.n.k.i.c.MonitorGc] GC Monitor: Application threads blocked for 1565ms.
2016-06-20 17:29:14.179+0000 WARN  [o.n.k.i.c.MonitorGc] GC Monitor: Application threads blocked for 5136ms.
2016-06-20 17:29:15.937+0000 WARN  [o.n.k.i.c.MonitorGc] GC Monitor: Application threads blocked for 1658ms.
2016-06-20 17:29:18.305+0000 WARN  [o.n.k.i.c.MonitorGc] GC Monitor: Application threads blocked for 2265ms.
2016-06-20 17:29:20.915+0000 WARN  [o.n.k.i.c.MonitorGc] GC Monitor: Application threads blocked for 2510ms.
2016-06-20 17:29:21.779+0000 WARN  [o.n.k.i.c.MonitorGc] GC Monitor: Application threads blocked for 698ms.
2016-06-20 17:29:23.180+0000 WARN  [o.n.k.i.c.MonitorGc] GC Monitor: Application threads blocked for 1300ms.
2016-06-20 17:29:23.741+0000 WARN  [o.n.k.i.c.MonitorGc] GC Monitor: Application threads blocked for 460ms.
2016-06-20 17:29:26.308+0000 WARN  [o.n.k.i.c.MonitorGc] GC Monitor: Application threads blocked for 2466ms.
2016-06-20 17:29:27.845+0000 WARN  [o.n.k.i.c.MonitorGc] GC Monitor: Application threads blocked for 1431ms.
2016-06-20 17:29:31.909+0000 WARN  [o.n.k.i.c.MonitorGc] GC Monitor: Application threads blocked for 3858ms.
2016-06-20 17:29:41.966+0000 WARN  [o.n.k.i.c.MonitorGc] GC Monitor: Application threads blocked for 9956ms.
2016-06-20 17:29:44.349+0000 WARN  [o.n.k.i.c.MonitorGc] GC Monitor: Application threads blocked for 2176ms.
2016-06-20 17:29:49.160+0000 WARN  [o.n.k.i.c.MonitorGc] GC Monitor: Application threads blocked for 4711ms.
2016-06-20 17:29:53.059+0000 WARN  [o.n.k.i.c.MonitorGc] GC Monitor: Application threads blocked for 3694ms.
2016-06-20 17:29:54.236+0000 WARN  [o.n.k.i.c.MonitorGc] GC Monitor: Application threads blocked for 1071ms.
2016-06-20 17:30:04.343+0000 WARN  [o.n.k.i.c.MonitorGc] GC Monitor: Application threads blocked for 10000ms.
2016-06-20 17:30:14.445+0000 WARN  [o.n.k.i.c.MonitorGc] GC Monitor: Application threads blocked for 10000ms.
2016-06-20 17:30:15.293+0000 WARN  [o.n.k.i.c.MonitorGc] GC Monitor: Application threads blocked for 748ms.
2016-06-20 17:30:20.374+0000 WARN  [o.n.k.i.c.MonitorGc] GC Monitor: Application threads blocked for 4974ms.
2016-06-20 17:30:28.769+0000 WARN  [o.n.k.i.c.MonitorGc] GC Monitor: Application threads blocked for 8277ms.
2016-06-20 17:30:29.982+0000 WARN  [o.n.k.i.c.MonitorGc] GC Monitor: Application threads blocked for 1107ms.
2016-06-20 17:31:59.227+0000 WARN  [o.n.k.i.c.MonitorGc] GC Monitor: Application threads blocked for 416ms.
2016-06-20 17:32:00.008+0000 WARN  [o.n.k.i.c.MonitorGc] GC Monitor: Application threads blocked for 680ms.
2016-06-20 17:33:36.832+0000 WARN  [o.n.k.i.c.MonitorGc] GC Monitor: Application threads blocked for 6972ms.
2016-06-20 17:33:37.693+0000 WARN  [o.n.k.i.c.MonitorGc] GC Monitor: Application threads blocked for 760ms.
2016-06-20 17:33:38.756+0000 WARN  [o.n.k.i.c.MonitorGc] GC Monitor: Application threads blocked for 962ms.
2016-06-20 17:33:39.813+0000 WARN  [o.n.k.i.c.MonitorGc] GC Monitor: Application threads blocked for 857ms.
2016-06-20 17:33:40.694+0000 WARN  [o.n.k.i.c.MonitorGc] GC Monitor: Application threads blocked for 780ms.
2016-06-20 17:33:43.912+0000 WARN  [o.n.k.i.c.MonitorGc] GC Monitor: Application threads blocked for 3117ms.
2016-06-20 17:33:44.237+0000 WARN  [o.n.k.i.c.MonitorGc] GC Monitor: Application threads blocked for 224ms.
2016-06-20 17:33:45.988+0000 WARN  [o.n.k.i.c.MonitorGc] GC Monitor: Application threads blocked for 1648ms.
2016-06-20 17:33:47.734+0000 WARN  [o.n.k.i.c.MonitorGc] GC Monitor: Application threads blocked for 1646ms.
2016-06-20 17:33:48.059+0000 WARN  [o.n.k.i.c.MonitorGc] GC Monitor: Application threads blocked for 224ms.
2016-06-20 17:33:50.752+0000 WARN  [o.n.k.i.c.MonitorGc] GC Monitor: Application threads blocked for 2593ms.
2016-06-20 17:34:00.855+0000 WARN  [o.n.k.i.c.MonitorGc] GC Monitor: Application threads blocked for 10000ms.
2016-06-20 17:34:10.955+0000 WARN  [o.n.k.i.c.MonitorGc] GC Monitor: Application threads blocked for 10000ms.
2016-06-20 17:34:12.238+0000 WARN  [o.n.k.i.c.MonitorGc] GC Monitor: Application threads blocked for 1182ms.
2016-06-20 17:34:14.175+0000 WARN  [o.n.k.i.c.MonitorGc] GC Monitor: Application threads blocked for 1735ms.
2016-06-20 17:34:15.496+0000 WARN  [o.n.k.i.c.MonitorGc] GC Monitor: Application threads blocked for 1220ms.
2016-06-20 17:34:25.696+0000 WARN  [o.n.k.i.c.MonitorGc] GC Monitor: Application threads blocked for 10000ms.
2016-06-20 17:34:32.386+0000 WARN  [o.n.k.i.c.MonitorGc] GC Monitor: Application threads blocked for 6589ms.
2016-06-20 17:34:34.452+0000 WARN  [o.n.k.i.c.MonitorGc] GC Monitor: Application threads blocked for 1865ms.
2016-06-20 17:34:36.977+0000 WARN  [o.n.k.i.c.MonitorGc] GC Monitor: Application threads blocked for 2419ms.
2016-06-20 17:34:38.433+0000 WARN  [o.n.k.i.c.MonitorGc] GC Monitor: Application threads blocked for 1355ms.
2016-06-20 17:34:42.021+0000 WARN  [o.n.k.i.c.MonitorGc] GC Monitor: Application threads blocked for 3487ms.
2016-06-20 17:34:46.816+0000 WARN  [o.n.k.i.c.MonitorGc] GC Monitor: Application threads blocked for 4694ms.
2016-06-20 17:34:48.585+0000 WARN  [o.n.k.i.c.MonitorGc] GC Monitor: Application threads blocked for 1568ms.
2016-06-20 17:34:52.208+0000 WARN  [o.n.k.i.c.MonitorGc] GC Monitor: Application threads blocked for 3422ms.
2016-06-20 17:34:58.562+0000 WARN  [o.n.k.i.c.MonitorGc] GC Monitor: Application threads blocked for 6254ms.
2016-06-20 17:35:00.981+0000 WARN  [o.n.k.i.c.MonitorGc] GC Monitor: Application threads blocked for 2218ms.
2016-06-20 17:35:03.813+0000 WARN  [o.n.k.i.c.MonitorGc] GC Monitor: Application threads blocked for 2631ms.
2016-06-20 17:35:10.187+0000 WARN  [o.n.k.i.c.MonitorGc] GC Monitor: Application threads blocked for 6273ms.
2016-06-20 17:35:12.874+0000 WARN  [o.n.k.i.c.MonitorGc] GC Monitor: Application threads blocked for 2587ms.
2016-06-20 17:35:14.573+0000 WARN  [o.n.k.i.c.MonitorGc] GC Monitor: Application threads blocked for 1594ms.
2016-06-20 17:35:15.948+0000 WARN  [o.n.k.i.c.MonitorGc] GC Monitor: Application threads blocked for 1174ms.
2016-06-20 17:35:19.089+0000 WARN  [o.n.k.i.c.MonitorGc] GC Monitor: Application threads blocked for 3041ms.
2016-06-20 17:35:19.575+0000 WARN  [o.n.k.i.c.MonitorGc] GC Monitor: Application threads blocked for 384ms.
2016-06-20 17:35:24.159+0000 WARN  [o.n.k.i.c.MonitorGc] GC Monitor: Application threads blocked for 4383ms.
2016-06-20 17:35:25.348+0000 WARN  [o.n.k.i.c.MonitorGc] GC Monitor: Application threads blocked for 1082ms.
2016-06-20 17:35:27.141+0000 WARN  [o.n.k.i.c.MonitorGc] GC Monitor: Application threads blocked for 1692ms.
2016-06-20 17:35:28.627+0000 WARN  [o.n.k.i.c.MonitorGc] GC Monitor: Application threads blocked for 1283ms.
2016-06-20 17:35:38.483+0000 WARN  [o.n.k.i.c.MonitorGc] GC Monitor: Application threads blocked for 9754ms.
2016-06-20 17:35:38.989+0000 WARN  [o.n.k.i.c.MonitorGc] GC Monitor: Application threads blocked for 305ms.
2016-06-20 17:35:41.379+0000 WARN  [o.n.k.i.c.MonitorGc] GC Monitor: Application threads blocked for 2289ms.
2016-06-20 17:35:42.529+0000 WARN  [o.n.k.i.c.MonitorGc] GC Monitor: Application threads blocked for 949ms.
2016-06-20 17:35:45.857+0000 WARN  [o.n.k.i.c.MonitorGc] GC Monitor: Application threads blocked for 3228ms.
2016-06-20 17:35:46.581+0000 WARN  [o.n.k.i.c.MonitorGc] GC Monitor: Application threads blocked for 518ms.
2016-06-20 17:35:47.609+0000 WARN  [o.n.k.i.c.MonitorGc] GC Monitor: Application threads blocked for 927ms.
2016-06-20 17:35:56.881+0000 WARN  [o.n.k.i.c.MonitorGc] GC Monitor: Application threads blocked for 9171ms.
2016-06-20 17:36:00.342+0000 WARN  [o.n.k.i.c.MonitorGc] GC Monitor: Application threads blocked for 3360ms.
2016-06-20 17:36:02.442+0000 WARN  [o.n.k.i.c.MonitorGc] GC Monitor: Application threads blocked for 1900ms.
2016-06-20 17:36:08.011+0000 WARN  [o.n.k.i.c.MonitorGc] GC Monitor: Application threads blocked for 5368ms.
2016-06-20 17:36:09.152+0000 WARN  [o.n.k.i.c.MonitorGc] GC Monitor: Application threads blocked for 1034ms.
2016-06-20 17:36:11.248+0000 WARN  [o.n.k.i.c.MonitorGc] GC Monitor: Application threads blocked for 1888ms.
2016-06-20 17:36:13.770+0000 WARN  [o.n.k.i.c.MonitorGc] GC Monitor: Application threads blocked for 2321ms.
2016-06-20 17:36:14.183+0000 WARN  [o.n.k.i.c.MonitorGc] GC Monitor: Application threads blocked for 312ms.
2016-06-20 17:36:14.829+0000 WARN  [o.n.k.i.c.MonitorGc] GC Monitor: Application threads blocked for 546ms.
2016-06-20 17:36:15.615+0000 WARN  [o.n.k.i.c.MonitorGc] GC Monitor: Application threads blocked for 685ms.
2016-06-20 17:36:20.233+0000 WARN  [o.n.k.i.c.MonitorGc] GC Monitor: Application threads blocked for 4517ms.
2016-06-20 17:38:36.132+0000 WARN  [o.n.k.i.c.MonitorGc] GC Monitor: Application threads blocked for 1093ms.
2016-06-20 17:38:39.489+0000 WARN  [o.n.k.i.c.MonitorGc] GC Monitor: Application threads blocked for 3257ms.
2016-06-20 17:38:43.084+0000 WARN  [o.n.k.i.c.MonitorGc] GC Monitor: Application threads blocked for 3492ms.
2016-06-20 17:38:45.586+0000 WARN  [o.n.k.i.c.MonitorGc] GC Monitor: Application threads blocked for 2402ms.
2016-06-20 17:38:46.591+0000 WARN  [o.n.k.i.c.MonitorGc] GC Monitor: Application threads blocked for 904ms.
2016-06-20 17:38:56.693+0000 WARN  [o.n.k.i.c.MonitorGc] GC Monitor: Application threads blocked for 10000ms.
2016-06-20 17:38:59.161+0000 WARN  [o.n.k.i.c.MonitorGc] GC Monitor: Application threads blocked for 2368ms.
2016-06-20 17:38:59.578+0000 WARN  [o.n.k.i.c.MonitorGc] GC Monitor: Application threads blocked for 216ms.
2016-06-20 17:39:02.248+0000 WARN  [o.n.k.i.c.MonitorGc] GC Monitor: Application threads blocked for 2569ms.
2016-06-20 17:39:03.572+0000 WARN  [o.n.k.i.c.MonitorGc] GC Monitor: Application threads blocked for 1222ms.
2016-06-20 17:39:13.179+0000 WARN  [o.n.k.i.c.MonitorGc] GC Monitor: Application threads blocked for 9500ms.
2016-06-20 17:39:15.773+0000 WARN  [o.n.k.i.c.MonitorGc] GC Monitor: Application threads blocked for 2487ms.
2016-06-20 17:39:17.655+0000 WARN  [o.n.k.i.c.MonitorGc] GC Monitor: Application threads blocked for 1781ms.
2016-06-20 17:39:19.479+0000 WARN  [o.n.k.i.c.MonitorGc] GC Monitor: Application threads blocked for 1723ms.
2016-06-20 17:39:22.023+0000 WARN  [o.n.k.i.c.MonitorGc] GC Monitor: Application threads blocked for 2444ms.
2016-06-20 17:39:22.448+0000 WARN  [o.n.k.i.c.MonitorGc] GC Monitor: Application threads blocked for 321ms.
2016-06-20 17:39:23.721+0000 WARN  [o.n.k.i.c.MonitorGc] GC Monitor: Application threads blocked for 1173ms.
2016-06-20 17:39:25.318+0000 WARN  [o.n.k.i.c.MonitorGc] GC Monitor: Application threads blocked for 1490ms.
2016-06-20 17:39:27.178+0000 WARN  [o.n.k.i.c.MonitorGc] GC Monitor: Application threads blocked for 1758ms.
2016-06-20 17:39:30.820+0000 WARN  [o.n.k.i.c.MonitorGc] GC Monitor: Application threads blocked for 3541ms.
2016-06-20 17:39:31.923+0000 WARN  [o.n.k.i.c.MonitorGc] GC Monitor: Application threads blocked for 1003ms.
2016-06-20 17:39:32.571+0000 WARN  [o.n.k.i.c.MonitorGc] GC Monitor: Application threads blocked for 448ms.
2016-06-20 17:39:33.940+0000 WARN  [o.n.k.i.c.MonitorGc] GC Monitor: Application threads blocked for 1268ms.
2016-06-20 17:39:35.108+0000 WARN  [o.n.k.i.c.MonitorGc] GC Monitor: Application threads blocked for 1067ms.
2016-06-20 17:39:41.421+0000 WARN  [o.n.k.i.c.MonitorGc] GC Monitor: Application threads blocked for 6113ms.
2016-06-20 17:40:38.425+0000 WARN  [o.n.k.i.c.MonitorGc] GC Monitor: Application threads blocked for 3181ms.
2016-06-20 17:40:48.526+0000 WARN  [o.n.k.i.c.MonitorGc] GC Monitor: Application threads blocked for 10000ms.
2016-06-20 17:40:58.626+0000 WARN  [o.n.k.i.c.MonitorGc] GC Monitor: Application threads blocked for 10000ms.
2016-06-20 17:41:00.007+0000 WARN  [o.n.k.i.c.MonitorGc] GC Monitor: Application threads blocked for 1278ms.
2016-06-20 17:41:45.700+0000 WARN  [o.n.k.i.c.MonitorGc] GC Monitor: Application threads blocked for 10000ms.
2016-06-20 17:41:55.800+0000 WARN  [o.n.k.i.c.MonitorGc] GC Monitor: Application threads blocked for 10000ms.
2016-06-20 17:42:00.007+0000 WARN  [o.n.k.i.c.MonitorGc] GC Monitor: Application threads blocked for 4107ms.
2016-06-20 17:42:54.499+0000 WARN  [o.n.k.i.c.MonitorGc] GC Monitor: Application threads blocked for 10000ms.
2016-06-20 17:42:57.292+0000 WARN  [o.n.k.i.c.MonitorGc] GC Monitor: Application threads blocked for 2692ms.
2016-06-20 17:43:45.039+0000 WARN  [o.n.k.i.c.MonitorGc] GC Monitor: Application threads blocked for 802ms.
2016-06-20 17:43:47.847+0000 WARN  [o.n.k.i.c.MonitorGc] GC Monitor: Application threads blocked for 2707ms.
2016-06-20 17:43:49.250+0000 WARN  [o.n.k.i.c.MonitorGc] GC Monitor: Application threads blocked for 1202ms.
2016-06-20 17:43:49.627+0000 WARN  [o.n.k.i.c.MonitorGc] GC Monitor: Application threads blocked for 276ms.
2016-06-20 17:43:57.172+0000 WARN  [o.n.k.i.c.MonitorGc] GC Monitor: Application threads blocked for 7445ms.
2016-06-20 17:43:59.914+0000 WARN  [o.n.k.i.c.MonitorGc] GC Monitor: Application threads blocked for 2541ms.
2016-06-20 17:44:03.608+0000 WARN  [o.n.k.i.c.MonitorGc] GC Monitor: Application threads blocked for 3215ms.
2016-06-20 17:44:04.364+0000 WARN  [o.n.k.i.c.MonitorGc] GC Monitor: Application threads blocked for 656ms.
2016-06-20 17:44:05.083+0000 WARN  [o.n.k.i.c.MonitorGc] GC Monitor: Application threads blocked for 618ms.
2016-06-20 17:44:08.456+0000 WARN  [o.n.k.i.c.MonitorGc] GC Monitor: Application threads blocked for 3272ms.
2016-06-20 17:44:09.800+0000 WARN  [o.n.k.i.c.MonitorGc] GC Monitor: Application threads blocked for 1237ms.
2016-06-20 17:44:10.800+0000 WARN  [o.n.k.i.c.MonitorGc] GC Monitor: Application threads blocked for 893ms.
2016-06-20 17:44:12.782+0000 WARN  [o.n.k.i.c.MonitorGc] GC Monitor: Application threads blocked for 1864ms.
2016-06-20 17:44:19.115+0000 WARN  [o.n.k.i.c.MonitorGc] GC Monitor: Application threads blocked for 6131ms.
2016-06-20 17:44:20.254+0000 WARN  [o.n.k.i.c.MonitorGc] GC Monitor: Application threads blocked for 735ms.
2016-06-20 17:44:24.238+0000 WARN  [o.n.k.i.c.MonitorGc] GC Monitor: Application threads blocked for 3883ms.
2016-06-20 17:44:29.790+0000 WARN  [o.n.k.i.c.MonitorGc] GC Monitor: Application threads blocked for 5352ms.
2016-06-20 17:44:30.502+0000 WARN  [o.n.k.i.c.MonitorGc] GC Monitor: Application threads blocked for 610ms.
2016-06-20 17:44:31.972+0000 WARN  [o.n.k.i.c.MonitorGc] GC Monitor: Application threads blocked for 1370ms.
2016-06-20 17:44:33.696+0000 WARN  [o.n.k.i.c.MonitorGc] GC Monitor: Application threads blocked for 1615ms.
2016-06-20 17:44:37.148+0000 WARN  [o.n.k.i.c.MonitorGc] GC Monitor: Application threads blocked for 3140ms.
2016-06-20 17:44:43.950+0000 WARN  [o.n.k.i.c.MonitorGc] GC Monitor: Application threads blocked for 6600ms.
2016-06-20 17:44:46.881+0000 WARN  [o.n.k.i.c.MonitorGc] GC Monitor: Application threads blocked for 2824ms.
2016-06-20 17:44:48.217+0000 WARN  [o.n.k.i.c.MonitorGc] GC Monitor: Application threads blocked for 1228ms.
2016-06-20 17:44:49.021+0000 WARN  [o.n.k.i.c.MonitorGc] GC Monitor: Application threads blocked for 703ms.
2016-06-20 17:44:51.365+0000 WARN  [o.n.k.i.c.MonitorGc] GC Monitor: Application threads blocked for 2244ms.
2016-06-20 17:44:52.218+0000 WARN  [o.n.k.i.c.MonitorGc] GC Monitor: Application threads blocked for 752ms.
2016-06-20 17:44:54.672+0000 WARN  [o.n.k.i.c.MonitorGc] GC Monitor: Application threads blocked for 2059ms.
2016-06-20 17:44:55.481+0000 WARN  [o.n.k.i.c.MonitorGc] GC Monitor: Application threads blocked for 512ms.
2016-06-20 17:45:01.717+0000 WARN  [o.n.k.i.c.MonitorGc] GC Monitor: Application threads blocked for 5946ms.
2016-06-20 17:45:10.011+0000 WARN  [o.n.k.i.c.MonitorGc] GC Monitor: Application threads blocked for 8093ms.
2016-06-20 17:45:11.492+0000 WARN  [o.n.k.i.c.MonitorGc] GC Monitor: Application threads blocked for 1379ms.
2016-06-20 17:45:11.843+0000 WARN  [o.n.k.i.c.MonitorGc] GC Monitor: Application threads blocked for 250ms.
2016-06-20 17:45:13.411+0000 WARN  [o.n.k.i.c.MonitorGc] GC Monitor: Application threads blocked for 1367ms.
2016-06-20 17:45:19.728+0000 WARN  [o.n.k.i.c.MonitorGc] GC Monitor: Application threads blocked for 6216ms.
2016-06-20 17:45:20.128+0000 WARN  [o.n.k.i.c.MonitorGc] GC Monitor: Application threads blocked for 299ms.
2016-06-20 17:45:20.538+0000 WARN  [o.n.k.i.c.MonitorGc] GC Monitor: Application threads blocked for 310ms.
2016-06-20 17:45:22.011+0000 WARN  [o.n.k.i.c.MonitorGc] GC Monitor: Application threads blocked for 1372ms.
2016-06-20 17:45:22.651+0000 WARN  [o.n.k.i.c.MonitorGc] GC Monitor: Application threads blocked for 540ms.
2016-06-20 17:45:26.192+0000 WARN  [o.n.k.i.c.MonitorGc] GC Monitor: Application threads blocked for 3440ms.
2016-06-20 17:45:29.912+0000 WARN  [o.n.k.i.c.MonitorGc] GC Monitor: Application threads blocked for 3284ms.
2016-06-20 17:45:30.404+0000 WARN  [o.n.k.i.c.MonitorGc] GC Monitor: Application threads blocked for 385ms.
2016-06-20 17:45:34.725+0000 WARN  [o.n.k.i.c.MonitorGc] GC Monitor: Application threads blocked for 4220ms.
2016-06-20 17:45:35.649+0000 WARN  [o.n.k.i.c.MonitorGc] GC Monitor: Application threads blocked for 822ms.
2016-06-20 17:45:40.550+0000 WARN  [o.n.k.i.c.MonitorGc] GC Monitor: Application threads blocked for 4793ms.
2016-06-20 17:45:43.953+0000 WARN  [o.n.k.i.c.MonitorGc] GC Monitor: Application threads blocked for 3281ms.
2016-06-20 17:45:54.055+0000 WARN  [o.n.k.i.c.MonitorGc] GC Monitor: Application threads blocked for 10000ms.
2016-06-20 17:45:54.531+0000 WARN  [o.n.k.i.c.MonitorGc] GC Monitor: Application threads blocked for 371ms.
2016-06-20 17:45:55.445+0000 WARN  [o.n.k.i.c.MonitorGc] GC Monitor: Application threads blocked for 813ms.
2016-06-20 17:45:56.018+0000 WARN  [o.n.k.i.c.MonitorGc] GC Monitor: Application threads blocked for 471ms.
2016-06-20 17:45:59.237+0000 WARN  [o.n.k.i.c.MonitorGc] GC Monitor: Application threads blocked for 3018ms.
2016-06-20 17:46:03.103+0000 WARN  [o.n.k.i.c.MonitorGc] GC Monitor: Application threads blocked for 3766ms.
2016-06-20 17:46:04.925+0000 WARN  [o.n.k.i.c.MonitorGc] GC Monitor: Application threads blocked for 1721ms.
2016-06-20 17:46:07.771+0000 WARN  [o.n.k.i.c.MonitorGc] GC Monitor: Application threads blocked for 2745ms.
2016-06-20 17:46:08.098+0000 WARN  [o.n.k.i.c.MonitorGc] GC Monitor: Application threads blocked for 227ms.
2016-06-20 17:46:09.429+0000 WARN  [o.n.k.i.c.MonitorGc] GC Monitor: Application threads blocked for 1230ms.
2016-06-20 17:46:12.872+0000 WARN  [o.n.k.i.c.MonitorGc] GC Monitor: Application threads blocked for 3342ms.
2016-06-20 17:46:13.703+0000 WARN  [o.n.k.i.c.MonitorGc] GC Monitor: Application threads blocked for 731ms.
2016-06-20 17:46:18.296+0000 WARN  [o.n.k.i.c.MonitorGc] GC Monitor: Application threads blocked for 4392ms.
2016-06-20 17:46:18.780+0000 WARN  [o.n.k.i.c.MonitorGc] GC Monitor: Application threads blocked for 383ms.
2016-06-20 17:46:19.117+0000 WARN  [o.n.k.i.c.MonitorGc] GC Monitor: Application threads blocked for 236ms.
2016-06-20 17:46:20.966+0000 WARN  [o.n.k.i.c.MonitorGc] GC Monitor: Application threads blocked for 1749ms.
2016-06-20 17:46:28.054+0000 WARN  [o.n.k.i.c.MonitorGc] GC Monitor: Application threads blocked for 6988ms.
2016-06-20 17:46:32.780+0000 WARN  [o.n.k.i.c.MonitorGc] GC Monitor: Application threads blocked for 3904ms.
2016-06-20 17:46:37.459+0000 WARN  [o.n.k.i.c.MonitorGc] GC Monitor: Application threads blocked for 4479ms.
2016-06-20 17:46:39.702+0000 WARN  [o.n.k.i.c.MonitorGc] GC Monitor: Application threads blocked for 2136ms.
2016-06-20 17:46:41.559+0000 WARN  [o.n.k.i.c.MonitorGc] GC Monitor: Application threads blocked for 1756ms.
2016-06-20 17:46:45.075+0000 WARN  [o.n.k.i.c.MonitorGc] GC Monitor: Application threads blocked for 3416ms.
2016-06-20 17:46:47.041+0000 WARN  [o.n.k.i.c.MonitorGc] GC Monitor: Application threads blocked for 1865ms.
2016-06-20 17:46:49.539+0000 WARN  [o.n.k.i.c.MonitorGc] GC Monitor: Application threads blocked for 2297ms.
2016-06-20 17:46:50.278+0000 WARN  [o.n.k.i.c.MonitorGc] GC Monitor: Application threads blocked for 413ms.
2016-06-20 17:46:52.027+0000 WARN  [o.n.k.i.c.MonitorGc] GC Monitor: Application threads blocked for 1648ms.
2016-06-20 17:47:00.009+0000 WARN  [o.n.k.i.c.MonitorGc] GC Monitor: Application threads blocked for 7875ms.
2016-06-20 17:47:54.784+0000 WARN  [o.n.k.i.c.MonitorGc] GC Monitor: Application threads blocked for 10000ms.
2016-06-20 17:47:57.039+0000 WARN  [o.n.k.i.c.MonitorGc] GC Monitor: Application threads blocked for 2153ms.
2016-06-20 17:47:57.775+0000 WARN  [o.n.k.i.c.MonitorGc] GC Monitor: Application threads blocked for 529ms.
2016-06-20 17:48:00.008+0000 WARN  [o.n.k.i.c.MonitorGc] GC Monitor: Application threads blocked for 2132ms.
2016-06-20 17:48:34.624+0000 INFO  [o.n.k.i.f.CommunityFacadeFactory] Shutdown started
2016-06-20 17:48:34.625+0000 INFO  [o.n.k.i.f.CommunityFacadeFactory] Database is now unavailable
2016-06-20 17:48:34.633+0000 INFO  [o.n.k.i.t.l.c.CheckPointerImpl] Check Pointing triggered by database shutdown [7]:  Starting check pointing...
2016-06-20 17:48:34.633+0000 INFO  [o.n.k.i.t.l.c.CheckPointerImpl] Check Pointing triggered by database shutdown [7]:  Starting store flush...
2016-06-20 17:48:34.640+0000 INFO  [o.n.k.i.t.l.c.CheckPointerImpl] Check Pointing triggered by database shutdown [7]:  Store flush completed
2016-06-20 17:48:34.640+0000 INFO  [o.n.k.i.t.l.c.CheckPointerImpl] Check Pointing triggered by database shutdown [7]:  Starting appending check point entry into the tx log...
2016-06-20 17:48:34.641+0000 INFO  [o.n.k.i.t.l.c.CheckPointerImpl] Check Pointing triggered by database shutdown [7]:  Appending check point entry into the tx log completed
2016-06-20 17:48:34.641+0000 INFO  [o.n.k.i.t.l.c.CheckPointerImpl] Check Pointing triggered by database shutdown [7]:  Check pointing completed
2016-06-20 17:48:34.642+0000 INFO  [o.n.k.i.t.l.p.LogPruningImpl] Log Rotation [0]:  Starting log pruning.
2016-06-20 17:48:34.642+0000 INFO  [o.n.k.i.t.l.p.LogPruningImpl] Log Rotation [0]:  Log pruning complete.
2016-06-20 17:48:34.659+0000 INFO  [o.n.k.i.DiagnosticsManager] --- STOPPING diagnostics START ---
2016-06-20 17:48:34.659+0000 INFO  [o.n.k.i.DiagnosticsManager] --- STOPPING diagnostics END ---
